INFO:root:BASE_DIR:         /home/nimzo/ProjetsPython/redico8
INFO:root:STATIC_ROOT:      /home/nimzo/ProjetsPython/redico8/project_static/collect
INFO:root:STATIC_URLS:      /static/
INFO:root:TEMPLATES[DIRS]   ['/home/nimzo/ProjetsPython/redico8/templates']
INFO:root:STATICFILES_DIRS: ('/home/nimzo/ProjetsPython/redico8/css',)
INFO:root:BASE_DIR:         /home/nimzo/ProjetsPython/redico8
INFO:root:STATIC_ROOT:      /home/nimzo/ProjetsPython/redico8/project_static/collect
INFO:root:STATIC_URLS:      /static/
INFO:root:TEMPLATES[DIRS]   ['/home/nimzo/ProjetsPython/redico8/templates']
INFO:root:STATICFILES_DIRS: ('/home/nimzo/ProjetsPython/redico8/css',)
INFO:django.utils.autoreload:Watching for file changes with StatReloader
INFO:root:BASE_DIR:         /home/nimzo/ProjetsPython/redico8
INFO:root:STATIC_ROOT:      /home/nimzo/ProjetsPython/redico8/project_static/collect
INFO:root:STATIC_URLS:      /static/
INFO:root:TEMPLATES[DIRS]   ['/home/nimzo/ProjetsPython/redico8/templates']
INFO:root:STATICFILES_DIRS: ('/home/nimzo/ProjetsPython/redico8/css',)
INFO:root:BASE_DIR:         /home/nimzo/ProjetsPython/redico8
INFO:root:STATIC_ROOT:      /home/nimzo/ProjetsPython/redico8/project_static/collect
INFO:root:STATIC_URLS:      /static/
INFO:root:TEMPLATES[DIRS]   ['/home/nimzo/ProjetsPython/redico8/templates']
INFO:root:STATICFILES_DIRS: ('/home/nimzo/ProjetsPython/redico8/css',)
INFO:django.utils.autoreload:Watching for file changes with StatReloader
INFO:root:BASE_DIR:         /home/nimzo/ProjetsPython/redico8
INFO:root:STATIC_ROOT:      /home/nimzo/ProjetsPython/redico8/project_static/collect
INFO:root:STATIC_URLS:      /static/
INFO:root:TEMPLATES[DIRS]   ['/home/nimzo/ProjetsPython/redico8/templates']
INFO:root:STATICFILES_DIRS: ('/home/nimzo/ProjetsPython/redico8/css',)
INFO:root:BASE_DIR:         /home/nimzo/ProjetsPython/redico8
INFO:root:STATIC_ROOT:      /home/nimzo/ProjetsPython/redico8/project_static/collect
INFO:root:STATIC_URLS:      /static/
INFO:root:TEMPLATES[DIRS]   ['/home/nimzo/ProjetsPython/redico8/templates']
INFO:root:STATICFILES_DIRS: ('/home/nimzo/ProjetsPython/redico8/css',)
INFO:django.utils.autoreload:Watching for file changes with StatReloader
WARNING:django.request:Not Found: /favicon.ico
WARNING:django.request:Not Found: /favicon.ico
WARNING:django.request:Not Found: /favicon.ico
WARNING:django.request:Not Found: /favicon.ico
INFO:django.utils.autoreload:/home/nimzo/ProjetsPython/redico8/joueurs/views.py changed, reloading.
INFO:root:BASE_DIR:         /home/nimzo/ProjetsPython/redico8
INFO:root:STATIC_ROOT:      /home/nimzo/ProjetsPython/redico8/project_static/collect
INFO:root:STATIC_URLS:      /static/
INFO:root:TEMPLATES[DIRS]   ['/home/nimzo/ProjetsPython/redico8/templates']
INFO:root:STATICFILES_DIRS: ('/home/nimzo/ProjetsPython/redico8/css',)
INFO:django.utils.autoreload:Watching for file changes with StatReloader
INFO:django.utils.autoreload:/home/nimzo/ProjetsPython/redico8/joueurs/models.py changed, reloading.
INFO:root:BASE_DIR:         /home/nimzo/ProjetsPython/redico8
INFO:root:STATIC_ROOT:      /home/nimzo/ProjetsPython/redico8/project_static/collect
INFO:root:STATIC_URLS:      /static/
INFO:root:TEMPLATES[DIRS]   ['/home/nimzo/ProjetsPython/redico8/templates']
INFO:root:STATICFILES_DIRS: ('/home/nimzo/ProjetsPython/redico8/css',)
INFO:django.utils.autoreload:Watching for file changes with StatReloader
INFO:django.utils.autoreload:/home/nimzo/ProjetsPython/redico8/joueurs/models.py changed, reloading.
INFO:root:BASE_DIR:         /home/nimzo/ProjetsPython/redico8
INFO:root:STATIC_ROOT:      /home/nimzo/ProjetsPython/redico8/project_static/collect
INFO:root:STATIC_URLS:      /static/
INFO:root:TEMPLATES[DIRS]   ['/home/nimzo/ProjetsPython/redico8/templates']
INFO:root:STATICFILES_DIRS: ('/home/nimzo/ProjetsPython/redico8/css',)
INFO:django.utils.autoreload:Watching for file changes with StatReloader
INFO:django.utils.autoreload:/home/nimzo/ProjetsPython/redico8/joueurs/models.py changed, reloading.
INFO:root:BASE_DIR:         /home/nimzo/ProjetsPython/redico8
INFO:root:STATIC_ROOT:      /home/nimzo/ProjetsPython/redico8/project_static/collect
INFO:root:STATIC_URLS:      /static/
INFO:root:TEMPLATES[DIRS]   ['/home/nimzo/ProjetsPython/redico8/templates']
INFO:root:STATICFILES_DIRS: ('/home/nimzo/ProjetsPython/redico8/css',)
INFO:django.utils.autoreload:Watching for file changes with StatReloader
INFO:django.utils.autoreload:/home/nimzo/ProjetsPython/redico8/joueurs/models.py changed, reloading.
INFO:root:BASE_DIR:         /home/nimzo/ProjetsPython/redico8
INFO:root:STATIC_ROOT:      /home/nimzo/ProjetsPython/redico8/project_static/collect
INFO:root:STATIC_URLS:      /static/
INFO:root:TEMPLATES[DIRS]   ['/home/nimzo/ProjetsPython/redico8/templates']
INFO:root:STATICFILES_DIRS: ('/home/nimzo/ProjetsPython/redico8/css',)
INFO:django.utils.autoreload:Watching for file changes with StatReloader
INFO:django.utils.autoreload:/home/nimzo/ProjetsPython/redico8/joueurs/models.py changed, reloading.
INFO:root:BASE_DIR:         /home/nimzo/ProjetsPython/redico8
INFO:root:STATIC_ROOT:      /home/nimzo/ProjetsPython/redico8/project_static/collect
INFO:root:STATIC_URLS:      /static/
INFO:root:TEMPLATES[DIRS]   ['/home/nimzo/ProjetsPython/redico8/templates']
INFO:root:STATICFILES_DIRS: ('/home/nimzo/ProjetsPython/redico8/css',)
INFO:django.utils.autoreload:Watching for file changes with StatReloader
INFO:django.utils.autoreload:/home/nimzo/ProjetsPython/redico8/joueurs/models.py changed, reloading.
INFO:root:BASE_DIR:         /home/nimzo/ProjetsPython/redico8
INFO:root:STATIC_ROOT:      /home/nimzo/ProjetsPython/redico8/project_static/collect
INFO:root:STATIC_URLS:      /static/
INFO:root:TEMPLATES[DIRS]   ['/home/nimzo/ProjetsPython/redico8/templates']
INFO:root:STATICFILES_DIRS: ('/home/nimzo/ProjetsPython/redico8/css',)
INFO:django.utils.autoreload:Watching for file changes with StatReloader
INFO:django.utils.autoreload:/home/nimzo/ProjetsPython/redico8/joueurs/models.py changed, reloading.
INFO:root:BASE_DIR:         /home/nimzo/ProjetsPython/redico8
INFO:root:STATIC_ROOT:      /home/nimzo/ProjetsPython/redico8/project_static/collect
INFO:root:STATIC_URLS:      /static/
INFO:root:TEMPLATES[DIRS]   ['/home/nimzo/ProjetsPython/redico8/templates']
INFO:root:STATICFILES_DIRS: ('/home/nimzo/ProjetsPython/redico8/css',)
INFO:django.utils.autoreload:Watching for file changes with StatReloader
INFO:django.utils.autoreload:/home/nimzo/ProjetsPython/redico8/joueurs/models.py changed, reloading.
INFO:root:BASE_DIR:         /home/nimzo/ProjetsPython/redico8
INFO:root:STATIC_ROOT:      /home/nimzo/ProjetsPython/redico8/project_static/collect
INFO:root:STATIC_URLS:      /static/
INFO:root:TEMPLATES[DIRS]   ['/home/nimzo/ProjetsPython/redico8/templates']
INFO:root:STATICFILES_DIRS: ('/home/nimzo/ProjetsPython/redico8/css',)
INFO:django.utils.autoreload:Watching for file changes with StatReloader
INFO:django.utils.autoreload:/home/nimzo/ProjetsPython/redico8/joueurs/models.py changed, reloading.
INFO:root:BASE_DIR:         /home/nimzo/ProjetsPython/redico8
INFO:root:STATIC_ROOT:      /home/nimzo/ProjetsPython/redico8/project_static/collect
INFO:root:STATIC_URLS:      /static/
INFO:root:TEMPLATES[DIRS]   ['/home/nimzo/ProjetsPython/redico8/templates']
INFO:root:STATICFILES_DIRS: ('/home/nimzo/ProjetsPython/redico8/css',)
INFO:django.utils.autoreload:Watching for file changes with StatReloader
INFO:django.utils.autoreload:/home/nimzo/ProjetsPython/redico8/joueurs/models.py changed, reloading.
INFO:root:BASE_DIR:         /home/nimzo/ProjetsPython/redico8
INFO:root:STATIC_ROOT:      /home/nimzo/ProjetsPython/redico8/project_static/collect
INFO:root:STATIC_URLS:      /static/
INFO:root:TEMPLATES[DIRS]   ['/home/nimzo/ProjetsPython/redico8/templates']
INFO:root:STATICFILES_DIRS: ('/home/nimzo/ProjetsPython/redico8/css',)
INFO:django.utils.autoreload:Watching for file changes with StatReloader
INFO:django.utils.autoreload:/home/nimzo/ProjetsPython/redico8/redico8/settings.py changed, reloading.
INFO:root:BASE_DIR:         /home/nimzo/ProjetsPython/redico8
INFO:root:STATIC_ROOT:      /home/nimzo/ProjetsPython/redico8/project_static/collect
INFO:root:STATIC_URLS:      /static/
INFO:root:TEMPLATES[DIRS]   ['/home/nimzo/ProjetsPython/redico8/templates']
INFO:root:STATICFILES_DIRS: ('/home/nimzo/ProjetsPython/redico8/css',)
INFO:django.utils.autoreload:Watching for file changes with StatReloader
INFO:root:BASE_DIR:         /home/nimzo/ProjetsPython/redico8
INFO:root:STATIC_ROOT:      /home/nimzo/ProjetsPython/redico8/project_static/collect
INFO:root:STATIC_URLS:      /static/
INFO:root:TEMPLATES[DIRS]   ['/home/nimzo/ProjetsPython/redico8/templates']
INFO:root:STATICFILES_DIRS: ('/home/nimzo/ProjetsPython/redico8/css',)
INFO:root:BASE_DIR:         /home/nimzo/ProjetsPython/redico8
INFO:root:STATIC_ROOT:      /home/nimzo/ProjetsPython/redico8/project_static/collect
INFO:root:STATIC_URLS:      /static/
INFO:root:TEMPLATES[DIRS]   ['/home/nimzo/ProjetsPython/redico8/templates']
INFO:root:STATICFILES_DIRS: ('/home/nimzo/ProjetsPython/redico8/css',)
INFO:django.utils.autoreload:Watching for file changes with StatReloader
WARNING:django.security.SuspiciousSession:Session data corrupted
WARNING:django.security.SuspiciousSession:Session data corrupted
INFO:root:BASE_DIR:         /home/nimzo/ProjetsPython/redico8
INFO:root:STATIC_ROOT:      /home/nimzo/ProjetsPython/redico8/project_static/collect
INFO:root:STATIC_URLS:      /static/
INFO:root:TEMPLATES[DIRS]   ['/home/nimzo/ProjetsPython/redico8/templates']
INFO:root:STATICFILES_DIRS: ('/home/nimzo/ProjetsPython/redico8/css',)
INFO:root:BASE_DIR:         /home/nimzo/ProjetsPython/redico8
INFO:root:STATIC_ROOT:      /home/nimzo/ProjetsPython/redico8/project_static/collect
INFO:root:STATIC_URLS:      /static/
INFO:root:TEMPLATES[DIRS]   ['/home/nimzo/ProjetsPython/redico8/templates']
INFO:root:STATICFILES_DIRS: ('/home/nimzo/ProjetsPython/redico8/css',)
INFO:django.utils.autoreload:Watching for file changes with StatReloader
WARNING:django.security.SuspiciousSession:Session data corrupted
WARNING:django.security.SuspiciousSession:Session data corrupted
INFO:root:BASE_DIR:         /home/nimzo/ProjetsPython/redico8
INFO:root:STATIC_ROOT:      /home/nimzo/ProjetsPython/redico8/project_static/collect
INFO:root:STATIC_URLS:      /static/
INFO:root:TEMPLATES[DIRS]   ['/home/nimzo/ProjetsPython/redico8/templates']
INFO:root:STATICFILES_DIRS: ('/home/nimzo/ProjetsPython/redico8/css',)
INFO:root:BASE_DIR:         /home/nimzo/ProjetsPython/redico8
INFO:root:STATIC_ROOT:      /home/nimzo/ProjetsPython/redico8/project_static/collect
INFO:root:STATIC_URLS:      /static/
INFO:root:TEMPLATES[DIRS]   ['/home/nimzo/ProjetsPython/redico8/templates']
INFO:root:STATICFILES_DIRS: ('/home/nimzo/ProjetsPython/redico8/css',)
INFO:django.utils.autoreload:Watching for file changes with StatReloader
WARNING:django.security.SuspiciousSession:Session data corrupted
WARNING:django.security.SuspiciousSession:Session data corrupted
WARNING:django.security.SuspiciousSession:Session data corrupted
INFO:django.utils.autoreload:/home/nimzo/ProjetsPython/redico8/joueurs/views.py changed, reloading.
INFO:root:BASE_DIR:         /home/nimzo/ProjetsPython/redico8
INFO:root:STATIC_ROOT:      /home/nimzo/ProjetsPython/redico8/project_static/collect
INFO:root:STATIC_URLS:      /static/
INFO:root:TEMPLATES[DIRS]   ['/home/nimzo/ProjetsPython/redico8/templates']
INFO:root:STATICFILES_DIRS: ('/home/nimzo/ProjetsPython/redico8/css',)
INFO:django.utils.autoreload:Watching for file changes with StatReloader
INFO:root:BASE_DIR:         /home/nimzo/ProjetsPython/redico8
INFO:root:STATIC_ROOT:      /home/nimzo/ProjetsPython/redico8/project_static/collect
INFO:root:STATIC_URLS:      /static/
INFO:root:TEMPLATES[DIRS]   ['/home/nimzo/ProjetsPython/redico8/templates']
INFO:root:STATICFILES_DIRS: ('/home/nimzo/ProjetsPython/redico8/css',)
INFO:root:BASE_DIR:         /home/nimzo/ProjetsPython/redico8
INFO:root:STATIC_ROOT:      /home/nimzo/ProjetsPython/redico8/project_static/collect
INFO:root:STATIC_URLS:      /static/
INFO:root:TEMPLATES[DIRS]   ['/home/nimzo/ProjetsPython/redico8/templates']
INFO:root:STATICFILES_DIRS: ('/home/nimzo/ProjetsPython/redico8/css',)
INFO:django.utils.autoreload:Watching for file changes with StatReloader
INFO:root:BASE_DIR:         /home/nimzo/ProjetsPython/redico8
INFO:root:STATIC_ROOT:      /home/nimzo/ProjetsPython/redico8/project_static/collect
INFO:root:STATIC_URLS:      /static/
INFO:root:TEMPLATES[DIRS]   ['/home/nimzo/ProjetsPython/redico8/templates']
INFO:root:STATICFILES_DIRS: ('/home/nimzo/ProjetsPython/redico8/css',)
INFO:root:BASE_DIR:         /home/nimzo/ProjetsPython/redico8
INFO:root:STATIC_ROOT:      /home/nimzo/ProjetsPython/redico8/project_static/collect
INFO:root:STATIC_URLS:      /static/
INFO:root:TEMPLATES[DIRS]   ['/home/nimzo/ProjetsPython/redico8/templates']
INFO:root:STATICFILES_DIRS: ('/home/nimzo/ProjetsPython/redico8/css',)
INFO:django.utils.autoreload:Watching for file changes with StatReloader
INFO:root:BASE_DIR:         /home/nimzo/ProjetsPython/redico8
INFO:root:STATIC_ROOT:      /home/nimzo/ProjetsPython/redico8/project_static/collect
INFO:root:STATIC_URLS:      /static/
INFO:root:TEMPLATES[DIRS]   ['/home/nimzo/ProjetsPython/redico8/templates']
INFO:root:STATICFILES_DIRS: ('/home/nimzo/ProjetsPython/redico8/css',)
INFO:root:BASE_DIR:         /home/nimzo/ProjetsPython/redico8
INFO:root:STATIC_ROOT:      /home/nimzo/ProjetsPython/redico8/project_static/collect
INFO:root:STATIC_URLS:      /static/
INFO:root:TEMPLATES[DIRS]   ['/home/nimzo/ProjetsPython/redico8/templates']
INFO:root:STATICFILES_DIRS: ('/home/nimzo/ProjetsPython/redico8/css',)
INFO:django.utils.autoreload:Watching for file changes with StatReloader
INFO:root:BASE_DIR:         /home/nimzo/ProjetsPython/redico8
INFO:root:STATIC_ROOT:      /home/nimzo/ProjetsPython/redico8/project_static/collect
INFO:root:STATIC_URLS:      /static/
INFO:root:TEMPLATES[DIRS]   ['/home/nimzo/ProjetsPython/redico8/templates']
INFO:root:STATICFILES_DIRS: ('/home/nimzo/ProjetsPython/redico8/css',)
INFO:root:BASE_DIR:         /home/nimzo/ProjetsPython/redico8
INFO:root:STATIC_ROOT:      /home/nimzo/ProjetsPython/redico8/project_static/collect
INFO:root:STATIC_URLS:      /static/
INFO:root:TEMPLATES[DIRS]   ['/home/nimzo/ProjetsPython/redico8/templates']
INFO:root:STATICFILES_DIRS: ('/home/nimzo/ProjetsPython/redico8/css',)
INFO:django.utils.autoreload:Watching for file changes with StatReloader
WARNING:django.security.SuspiciousSession:Session data corrupted
WARNING:django.security.SuspiciousSession:Session data corrupted
INFO:root:BASE_DIR:         /home/nimzo/ProjetsPython/redico8
INFO:root:STATIC_ROOT:      /home/nimzo/ProjetsPython/redico8/project_static/collect
INFO:root:STATIC_URLS:      /static/
INFO:root:TEMPLATES[DIRS]   ['/home/nimzo/ProjetsPython/redico8/templates']
INFO:root:STATICFILES_DIRS: ('/home/nimzo/ProjetsPython/redico8/css',)
INFO:root:BASE_DIR:         /home/nimzo/ProjetsPython/redico8
INFO:root:STATIC_ROOT:      /home/nimzo/ProjetsPython/redico8/project_static/collect
INFO:root:STATIC_URLS:      /static/
INFO:root:TEMPLATES[DIRS]   ['/home/nimzo/ProjetsPython/redico8/templates']
INFO:root:STATICFILES_DIRS: ('/home/nimzo/ProjetsPython/redico8/css',)
INFO:django.utils.autoreload:Watching for file changes with StatReloader
WARNING:django.security.SuspiciousSession:Session data corrupted
ERROR:django.request:Internal Server Error: /
Traceback (most recent call last):
  File "/home/nimzo/ProjetsPython/redico8/venv/lib/python3.10/site-packages/django/template/backends/django.py", line 62, in render
    return self.template.render(context)
  File "/home/nimzo/ProjetsPython/redico8/venv/lib/python3.10/site-packages/django/template/base.py", line 175, in render
    return self._render(context)
  File "/home/nimzo/ProjetsPython/redico8/venv/lib/python3.10/site-packages/django/template/base.py", line 167, in _render
    return self.nodelist.render(context)
  File "/home/nimzo/ProjetsPython/redico8/venv/lib/python3.10/site-packages/django/template/base.py", line 1005, in render
    return SafeString("".join([node.render_annotated(context) for node in self]))
  File "/home/nimzo/ProjetsPython/redico8/venv/lib/python3.10/site-packages/django/template/base.py", line 1005, in <listcomp>
    return SafeString("".join([node.render_annotated(context) for node in self]))
  File "/home/nimzo/ProjetsPython/redico8/venv/lib/python3.10/site-packages/django/template/base.py", line 966, in render_annotated
    return self.render(context)
  File "/home/nimzo/ProjetsPython/redico8/venv/lib/python3.10/site-packages/django/template/loader_tags.py", line 157, in render
    return compiled_parent._render(context)
  File "/home/nimzo/ProjetsPython/redico8/venv/lib/python3.10/site-packages/django/template/base.py", line 167, in _render
    return self.nodelist.render(context)
  File "/home/nimzo/ProjetsPython/redico8/venv/lib/python3.10/site-packages/django/template/base.py", line 1005, in render
    return SafeString("".join([node.render_annotated(context) for node in self]))
  File "/home/nimzo/ProjetsPython/redico8/venv/lib/python3.10/site-packages/django/template/base.py", line 1005, in <listcomp>
    return SafeString("".join([node.render_annotated(context) for node in self]))
  File "/home/nimzo/ProjetsPython/redico8/venv/lib/python3.10/site-packages/django/template/base.py", line 966, in render_annotated
    return self.render(context)
  File "/home/nimzo/ProjetsPython/redico8/venv/lib/python3.10/site-packages/django/template/loader_tags.py", line 63, in render
    result = block.nodelist.render(context)
  File "/home/nimzo/ProjetsPython/redico8/venv/lib/python3.10/site-packages/django/template/base.py", line 1005, in render
    return SafeString("".join([node.render_annotated(context) for node in self]))
  File "/home/nimzo/ProjetsPython/redico8/venv/lib/python3.10/site-packages/django/template/base.py", line 1005, in <listcomp>
    return SafeString("".join([node.render_annotated(context) for node in self]))
  File "/home/nimzo/ProjetsPython/redico8/venv/lib/python3.10/site-packages/django/template/base.py", line 966, in render_annotated
    return self.render(context)
  File "/home/nimzo/ProjetsPython/redico8/venv/lib/python3.10/site-packages/django/template/loader_tags.py", line 197, in render
    template = context.template.engine.select_template(template_name)
  File "/home/nimzo/ProjetsPython/redico8/venv/lib/python3.10/site-packages/django/template/engine.py", line 212, in select_template
    raise TemplateDoesNotExist(", ".join(not_found))
django.template.exceptions.TemplateDoesNotExist: header.html

The above exception was the direct cause of the following exception:

Traceback (most recent call last):
  File "/home/nimzo/ProjetsPython/redico8/venv/lib/python3.10/site-packages/django/core/handlers/exception.py", line 55, in inner
    response = get_response(request)
  File "/home/nimzo/ProjetsPython/redico8/venv/lib/python3.10/site-packages/django/core/handlers/base.py", line 197, in _get_response
    response = wrapped_callback(request, *callback_args, **callback_kwargs)
  File "/home/nimzo/ProjetsPython/redico8/redicos/views.py", line 40, in index
    return render(request, "redicos/index.html", c)
  File "/home/nimzo/ProjetsPython/redico8/venv/lib/python3.10/site-packages/django/shortcuts.py", line 24, in render
    content = loader.render_to_string(template_name, context, request, using=using)
  File "/home/nimzo/ProjetsPython/redico8/venv/lib/python3.10/site-packages/django/template/loader.py", line 62, in render_to_string
    return template.render(context, request)
  File "/home/nimzo/ProjetsPython/redico8/venv/lib/python3.10/site-packages/django/template/backends/django.py", line 64, in render
    reraise(exc, self.backend)
  File "/home/nimzo/ProjetsPython/redico8/venv/lib/python3.10/site-packages/django/template/backends/django.py", line 85, in reraise
    raise new from exc
django.template.exceptions.TemplateDoesNotExist: header.html
INFO:root:BASE_DIR:         /home/nimzo/ProjetsPython/redico8
INFO:root:STATIC_ROOT:      /home/nimzo/ProjetsPython/redico8/project_static/collect
INFO:root:STATIC_URLS:      /static/
INFO:root:TEMPLATES[DIRS]   ['/home/nimzo/ProjetsPython/redico8/templates']
INFO:root:STATICFILES_DIRS: ('/home/nimzo/ProjetsPython/redico8/css',)
INFO:root:BASE_DIR:         /home/nimzo/ProjetsPython/redico8
INFO:root:STATIC_ROOT:      /home/nimzo/ProjetsPython/redico8/project_static/collect
INFO:root:STATIC_URLS:      /static/
INFO:root:TEMPLATES[DIRS]   ['/home/nimzo/ProjetsPython/redico8/templates']
INFO:root:STATICFILES_DIRS: ('/home/nimzo/ProjetsPython/redico8/css',)
INFO:django.utils.autoreload:Watching for file changes with StatReloader
WARNING:django.security.SuspiciousSession:Session data corrupted
ERROR:django.request:Internal Server Error: /
Traceback (most recent call last):
  File "/home/nimzo/ProjetsPython/redico8/venv/lib/python3.10/site-packages/django/template/backends/django.py", line 62, in render
    return self.template.render(context)
  File "/home/nimzo/ProjetsPython/redico8/venv/lib/python3.10/site-packages/django/template/base.py", line 175, in render
    return self._render(context)
  File "/home/nimzo/ProjetsPython/redico8/venv/lib/python3.10/site-packages/django/template/base.py", line 167, in _render
    return self.nodelist.render(context)
  File "/home/nimzo/ProjetsPython/redico8/venv/lib/python3.10/site-packages/django/template/base.py", line 1005, in render
    return SafeString("".join([node.render_annotated(context) for node in self]))
  File "/home/nimzo/ProjetsPython/redico8/venv/lib/python3.10/site-packages/django/template/base.py", line 1005, in <listcomp>
    return SafeString("".join([node.render_annotated(context) for node in self]))
  File "/home/nimzo/ProjetsPython/redico8/venv/lib/python3.10/site-packages/django/template/base.py", line 966, in render_annotated
    return self.render(context)
  File "/home/nimzo/ProjetsPython/redico8/venv/lib/python3.10/site-packages/django/template/loader_tags.py", line 157, in render
    return compiled_parent._render(context)
  File "/home/nimzo/ProjetsPython/redico8/venv/lib/python3.10/site-packages/django/template/base.py", line 167, in _render
    return self.nodelist.render(context)
  File "/home/nimzo/ProjetsPython/redico8/venv/lib/python3.10/site-packages/django/template/base.py", line 1005, in render
    return SafeString("".join([node.render_annotated(context) for node in self]))
  File "/home/nimzo/ProjetsPython/redico8/venv/lib/python3.10/site-packages/django/template/base.py", line 1005, in <listcomp>
    return SafeString("".join([node.render_annotated(context) for node in self]))
  File "/home/nimzo/ProjetsPython/redico8/venv/lib/python3.10/site-packages/django/template/base.py", line 966, in render_annotated
    return self.render(context)
  File "/home/nimzo/ProjetsPython/redico8/venv/lib/python3.10/site-packages/django/template/loader_tags.py", line 63, in render
    result = block.nodelist.render(context)
  File "/home/nimzo/ProjetsPython/redico8/venv/lib/python3.10/site-packages/django/template/base.py", line 1005, in render
    return SafeString("".join([node.render_annotated(context) for node in self]))
  File "/home/nimzo/ProjetsPython/redico8/venv/lib/python3.10/site-packages/django/template/base.py", line 1005, in <listcomp>
    return SafeString("".join([node.render_annotated(context) for node in self]))
  File "/home/nimzo/ProjetsPython/redico8/venv/lib/python3.10/site-packages/django/template/base.py", line 966, in render_annotated
    return self.render(context)
  File "/home/nimzo/ProjetsPython/redico8/venv/lib/python3.10/site-packages/django/template/loader_tags.py", line 197, in render
    template = context.template.engine.select_template(template_name)
  File "/home/nimzo/ProjetsPython/redico8/venv/lib/python3.10/site-packages/django/template/engine.py", line 212, in select_template
    raise TemplateDoesNotExist(", ".join(not_found))
django.template.exceptions.TemplateDoesNotExist: dern-props.html

The above exception was the direct cause of the following exception:

Traceback (most recent call last):
  File "/home/nimzo/ProjetsPython/redico8/venv/lib/python3.10/site-packages/django/core/handlers/exception.py", line 55, in inner
    response = get_response(request)
  File "/home/nimzo/ProjetsPython/redico8/venv/lib/python3.10/site-packages/django/core/handlers/base.py", line 197, in _get_response
    response = wrapped_callback(request, *callback_args, **callback_kwargs)
  File "/home/nimzo/ProjetsPython/redico8/redicos/views.py", line 40, in index
    return render(request, "redicos/index.html", c)
  File "/home/nimzo/ProjetsPython/redico8/venv/lib/python3.10/site-packages/django/shortcuts.py", line 24, in render
    content = loader.render_to_string(template_name, context, request, using=using)
  File "/home/nimzo/ProjetsPython/redico8/venv/lib/python3.10/site-packages/django/template/loader.py", line 62, in render_to_string
    return template.render(context, request)
  File "/home/nimzo/ProjetsPython/redico8/venv/lib/python3.10/site-packages/django/template/backends/django.py", line 64, in render
    reraise(exc, self.backend)
  File "/home/nimzo/ProjetsPython/redico8/venv/lib/python3.10/site-packages/django/template/backends/django.py", line 85, in reraise
    raise new from exc
django.template.exceptions.TemplateDoesNotExist: dern-props.html
INFO:root:BASE_DIR:         /home/nimzo/ProjetsPython/redico8
INFO:root:STATIC_ROOT:      /home/nimzo/ProjetsPython/redico8/project_static/collect
INFO:root:STATIC_URLS:      /static/
INFO:root:TEMPLATES[DIRS]   ['/home/nimzo/ProjetsPython/redico8/templates']
INFO:root:STATICFILES_DIRS: ('/home/nimzo/ProjetsPython/redico8/css',)
INFO:root:BASE_DIR:         /home/nimzo/ProjetsPython/redico8
INFO:root:STATIC_ROOT:      /home/nimzo/ProjetsPython/redico8/project_static/collect
INFO:root:STATIC_URLS:      /static/
INFO:root:TEMPLATES[DIRS]   ['/home/nimzo/ProjetsPython/redico8/templates']
INFO:root:STATICFILES_DIRS: ('/home/nimzo/ProjetsPython/redico8/css',)
INFO:django.utils.autoreload:Watching for file changes with StatReloader
WARNING:django.security.SuspiciousSession:Session data corrupted
ERROR:django.request:Internal Server Error: /
Traceback (most recent call last):
  File "/home/nimzo/ProjetsPython/redico8/venv/lib/python3.10/site-packages/django/template/backends/django.py", line 62, in render
    return self.template.render(context)
  File "/home/nimzo/ProjetsPython/redico8/venv/lib/python3.10/site-packages/django/template/base.py", line 175, in render
    return self._render(context)
  File "/home/nimzo/ProjetsPython/redico8/venv/lib/python3.10/site-packages/django/template/base.py", line 167, in _render
    return self.nodelist.render(context)
  File "/home/nimzo/ProjetsPython/redico8/venv/lib/python3.10/site-packages/django/template/base.py", line 1005, in render
    return SafeString("".join([node.render_annotated(context) for node in self]))
  File "/home/nimzo/ProjetsPython/redico8/venv/lib/python3.10/site-packages/django/template/base.py", line 1005, in <listcomp>
    return SafeString("".join([node.render_annotated(context) for node in self]))
  File "/home/nimzo/ProjetsPython/redico8/venv/lib/python3.10/site-packages/django/template/base.py", line 966, in render_annotated
    return self.render(context)
  File "/home/nimzo/ProjetsPython/redico8/venv/lib/python3.10/site-packages/django/template/loader_tags.py", line 157, in render
    return compiled_parent._render(context)
  File "/home/nimzo/ProjetsPython/redico8/venv/lib/python3.10/site-packages/django/template/base.py", line 167, in _render
    return self.nodelist.render(context)
  File "/home/nimzo/ProjetsPython/redico8/venv/lib/python3.10/site-packages/django/template/base.py", line 1005, in render
    return SafeString("".join([node.render_annotated(context) for node in self]))
  File "/home/nimzo/ProjetsPython/redico8/venv/lib/python3.10/site-packages/django/template/base.py", line 1005, in <listcomp>
    return SafeString("".join([node.render_annotated(context) for node in self]))
  File "/home/nimzo/ProjetsPython/redico8/venv/lib/python3.10/site-packages/django/template/base.py", line 966, in render_annotated
    return self.render(context)
  File "/home/nimzo/ProjetsPython/redico8/venv/lib/python3.10/site-packages/django/template/loader_tags.py", line 63, in render
    result = block.nodelist.render(context)
  File "/home/nimzo/ProjetsPython/redico8/venv/lib/python3.10/site-packages/django/template/base.py", line 1005, in render
    return SafeString("".join([node.render_annotated(context) for node in self]))
  File "/home/nimzo/ProjetsPython/redico8/venv/lib/python3.10/site-packages/django/template/base.py", line 1005, in <listcomp>
    return SafeString("".join([node.render_annotated(context) for node in self]))
  File "/home/nimzo/ProjetsPython/redico8/venv/lib/python3.10/site-packages/django/template/base.py", line 966, in render_annotated
    return self.render(context)
  File "/home/nimzo/ProjetsPython/redico8/venv/lib/python3.10/site-packages/django/template/loader_tags.py", line 197, in render
    template = context.template.engine.select_template(template_name)
  File "/home/nimzo/ProjetsPython/redico8/venv/lib/python3.10/site-packages/django/template/engine.py", line 212, in select_template
    raise TemplateDoesNotExist(", ".join(not_found))
django.template.exceptions.TemplateDoesNotExist: joueurs-dynamiques.html

The above exception was the direct cause of the following exception:

Traceback (most recent call last):
  File "/home/nimzo/ProjetsPython/redico8/venv/lib/python3.10/site-packages/django/core/handlers/exception.py", line 55, in inner
    response = get_response(request)
  File "/home/nimzo/ProjetsPython/redico8/venv/lib/python3.10/site-packages/django/core/handlers/base.py", line 197, in _get_response
    response = wrapped_callback(request, *callback_args, **callback_kwargs)
  File "/home/nimzo/ProjetsPython/redico8/redicos/views.py", line 40, in index
    return render(request, "redicos/index.html", c)
  File "/home/nimzo/ProjetsPython/redico8/venv/lib/python3.10/site-packages/django/shortcuts.py", line 24, in render
    content = loader.render_to_string(template_name, context, request, using=using)
  File "/home/nimzo/ProjetsPython/redico8/venv/lib/python3.10/site-packages/django/template/loader.py", line 62, in render_to_string
    return template.render(context, request)
  File "/home/nimzo/ProjetsPython/redico8/venv/lib/python3.10/site-packages/django/template/backends/django.py", line 64, in render
    reraise(exc, self.backend)
  File "/home/nimzo/ProjetsPython/redico8/venv/lib/python3.10/site-packages/django/template/backends/django.py", line 85, in reraise
    raise new from exc
django.template.exceptions.TemplateDoesNotExist: joueurs-dynamiques.html
INFO:root:BASE_DIR:         /home/nimzo/ProjetsPython/redico8
INFO:root:STATIC_ROOT:      /home/nimzo/ProjetsPython/redico8/project_static/collect
INFO:root:STATIC_URLS:      /static/
INFO:root:TEMPLATES[DIRS]   ['/home/nimzo/ProjetsPython/redico8/templates']
INFO:root:STATICFILES_DIRS: ('/home/nimzo/ProjetsPython/redico8/css',)
INFO:root:BASE_DIR:         /home/nimzo/ProjetsPython/redico8
INFO:root:STATIC_ROOT:      /home/nimzo/ProjetsPython/redico8/project_static/collect
INFO:root:STATIC_URLS:      /static/
INFO:root:TEMPLATES[DIRS]   ['/home/nimzo/ProjetsPython/redico8/templates']
INFO:root:STATICFILES_DIRS: ('/home/nimzo/ProjetsPython/redico8/css',)
INFO:django.utils.autoreload:Watching for file changes with StatReloader
WARNING:django.security.SuspiciousSession:Session data corrupted
ERROR:django.request:Internal Server Error: /
Traceback (most recent call last):
  File "/home/nimzo/ProjetsPython/redico8/venv/lib/python3.10/site-packages/django/template/backends/django.py", line 62, in render
    return self.template.render(context)
  File "/home/nimzo/ProjetsPython/redico8/venv/lib/python3.10/site-packages/django/template/base.py", line 175, in render
    return self._render(context)
  File "/home/nimzo/ProjetsPython/redico8/venv/lib/python3.10/site-packages/django/template/base.py", line 167, in _render
    return self.nodelist.render(context)
  File "/home/nimzo/ProjetsPython/redico8/venv/lib/python3.10/site-packages/django/template/base.py", line 1005, in render
    return SafeString("".join([node.render_annotated(context) for node in self]))
  File "/home/nimzo/ProjetsPython/redico8/venv/lib/python3.10/site-packages/django/template/base.py", line 1005, in <listcomp>
    return SafeString("".join([node.render_annotated(context) for node in self]))
  File "/home/nimzo/ProjetsPython/redico8/venv/lib/python3.10/site-packages/django/template/base.py", line 966, in render_annotated
    return self.render(context)
  File "/home/nimzo/ProjetsPython/redico8/venv/lib/python3.10/site-packages/django/template/loader_tags.py", line 157, in render
    return compiled_parent._render(context)
  File "/home/nimzo/ProjetsPython/redico8/venv/lib/python3.10/site-packages/django/template/base.py", line 167, in _render
    return self.nodelist.render(context)
  File "/home/nimzo/ProjetsPython/redico8/venv/lib/python3.10/site-packages/django/template/base.py", line 1005, in render
    return SafeString("".join([node.render_annotated(context) for node in self]))
  File "/home/nimzo/ProjetsPython/redico8/venv/lib/python3.10/site-packages/django/template/base.py", line 1005, in <listcomp>
    return SafeString("".join([node.render_annotated(context) for node in self]))
  File "/home/nimzo/ProjetsPython/redico8/venv/lib/python3.10/site-packages/django/template/base.py", line 966, in render_annotated
    return self.render(context)
  File "/home/nimzo/ProjetsPython/redico8/venv/lib/python3.10/site-packages/django/template/loader_tags.py", line 63, in render
    result = block.nodelist.render(context)
  File "/home/nimzo/ProjetsPython/redico8/venv/lib/python3.10/site-packages/django/template/base.py", line 1005, in render
    return SafeString("".join([node.render_annotated(context) for node in self]))
  File "/home/nimzo/ProjetsPython/redico8/venv/lib/python3.10/site-packages/django/template/base.py", line 1005, in <listcomp>
    return SafeString("".join([node.render_annotated(context) for node in self]))
  File "/home/nimzo/ProjetsPython/redico8/venv/lib/python3.10/site-packages/django/template/base.py", line 966, in render_annotated
    return self.render(context)
  File "/home/nimzo/ProjetsPython/redico8/venv/lib/python3.10/site-packages/django/template/loader_tags.py", line 197, in render
    template = context.template.engine.select_template(template_name)
  File "/home/nimzo/ProjetsPython/redico8/venv/lib/python3.10/site-packages/django/template/engine.py", line 212, in select_template
    raise TemplateDoesNotExist(", ".join(not_found))
django.template.exceptions.TemplateDoesNotExist: redicos-dynamiques.html

The above exception was the direct cause of the following exception:

Traceback (most recent call last):
  File "/home/nimzo/ProjetsPython/redico8/venv/lib/python3.10/site-packages/django/core/handlers/exception.py", line 55, in inner
    response = get_response(request)
  File "/home/nimzo/ProjetsPython/redico8/venv/lib/python3.10/site-packages/django/core/handlers/base.py", line 197, in _get_response
    response = wrapped_callback(request, *callback_args, **callback_kwargs)
  File "/home/nimzo/ProjetsPython/redico8/redicos/views.py", line 40, in index
    return render(request, "redicos/index.html", c)
  File "/home/nimzo/ProjetsPython/redico8/venv/lib/python3.10/site-packages/django/shortcuts.py", line 24, in render
    content = loader.render_to_string(template_name, context, request, using=using)
  File "/home/nimzo/ProjetsPython/redico8/venv/lib/python3.10/site-packages/django/template/loader.py", line 62, in render_to_string
    return template.render(context, request)
  File "/home/nimzo/ProjetsPython/redico8/venv/lib/python3.10/site-packages/django/template/backends/django.py", line 64, in render
    reraise(exc, self.backend)
  File "/home/nimzo/ProjetsPython/redico8/venv/lib/python3.10/site-packages/django/template/backends/django.py", line 85, in reraise
    raise new from exc
django.template.exceptions.TemplateDoesNotExist: redicos-dynamiques.html
INFO:root:BASE_DIR:         /home/nimzo/ProjetsPython/redico8
INFO:root:STATIC_ROOT:      /home/nimzo/ProjetsPython/redico8/project_static/collect
INFO:root:STATIC_URLS:      /static/
INFO:root:TEMPLATES[DIRS]   ['/home/nimzo/ProjetsPython/redico8/templates']
INFO:root:STATICFILES_DIRS: ('/home/nimzo/ProjetsPython/redico8/css',)
INFO:root:BASE_DIR:         /home/nimzo/ProjetsPython/redico8
INFO:root:STATIC_ROOT:      /home/nimzo/ProjetsPython/redico8/project_static/collect
INFO:root:STATIC_URLS:      /static/
INFO:root:TEMPLATES[DIRS]   ['/home/nimzo/ProjetsPython/redico8/templates']
INFO:root:STATICFILES_DIRS: ('/home/nimzo/ProjetsPython/redico8/css',)
INFO:django.utils.autoreload:Watching for file changes with StatReloader
WARNING:django.security.SuspiciousSession:Session data corrupted
WARNING:django.request:Not Found: /ws/chat//
INFO:root:BASE_DIR:         /home/nimzo/ProjetsPython/redico8
INFO:root:STATIC_ROOT:      /home/nimzo/ProjetsPython/redico8/project_static/collect
INFO:root:STATIC_URLS:      /static/
INFO:root:TEMPLATES[DIRS]   ['/home/nimzo/ProjetsPython/redico8/templates']
INFO:root:STATICFILES_DIRS: ('/home/nimzo/ProjetsPython/redico8/css',)
INFO:root:BASE_DIR:         /home/nimzo/ProjetsPython/redico8
INFO:root:STATIC_ROOT:      /home/nimzo/ProjetsPython/redico8/project_static/collect
INFO:root:STATIC_URLS:      /static/
INFO:root:TEMPLATES[DIRS]   ['/home/nimzo/ProjetsPython/redico8/templates']
INFO:root:STATICFILES_DIRS: ('/home/nimzo/ProjetsPython/redico8/css',)
INFO:django.utils.autoreload:Watching for file changes with StatReloader
WARNING:django.security.SuspiciousSession:Session data corrupted
WARNING:django.request:Not Found: /ws/chat//
INFO:root:BASE_DIR:         /home/nimzo/ProjetsPython/redico8
INFO:root:STATIC_ROOT:      /home/nimzo/ProjetsPython/redico8/project_static/collect
INFO:root:STATIC_URLS:      /static/
INFO:root:TEMPLATES[DIRS]   ['/home/nimzo/ProjetsPython/redico8/templates']
INFO:root:STATICFILES_DIRS: ('/home/nimzo/ProjetsPython/redico8/css',)
INFO:root:BASE_DIR:         /home/nimzo/ProjetsPython/redico8
INFO:root:STATIC_ROOT:      /home/nimzo/ProjetsPython/redico8/project_static/collect
INFO:root:STATIC_URLS:      /static/
INFO:root:TEMPLATES[DIRS]   ['/home/nimzo/ProjetsPython/redico8/templates']
INFO:root:STATICFILES_DIRS: ('/home/nimzo/ProjetsPython/redico8/css',)
INFO:django.utils.autoreload:Watching for file changes with StatReloader
WARNING:django.security.SuspiciousSession:Session data corrupted
ERROR:django.request:Internal Server Error: /
Traceback (most recent call last):
  File "/home/nimzo/ProjetsPython/redico8/venv/lib/python3.10/site-packages/django/template/base.py", line 505, in parse
    compile_func = self.tags[command]
KeyError: 'navjoueurs'

During handling of the above exception, another exception occurred:

Traceback (most recent call last):
  File "/home/nimzo/ProjetsPython/redico8/venv/lib/python3.10/site-packages/django/core/handlers/exception.py", line 55, in inner
    response = get_response(request)
  File "/home/nimzo/ProjetsPython/redico8/venv/lib/python3.10/site-packages/django/core/handlers/base.py", line 197, in _get_response
    response = wrapped_callback(request, *callback_args, **callback_kwargs)
  File "/home/nimzo/ProjetsPython/redico8/redicos/views.py", line 40, in index
    return render(request, "redicos/index.html", c)
  File "/home/nimzo/ProjetsPython/redico8/venv/lib/python3.10/site-packages/django/shortcuts.py", line 24, in render
    content = loader.render_to_string(template_name, context, request, using=using)
  File "/home/nimzo/ProjetsPython/redico8/venv/lib/python3.10/site-packages/django/template/loader.py", line 62, in render_to_string
    return template.render(context, request)
  File "/home/nimzo/ProjetsPython/redico8/venv/lib/python3.10/site-packages/django/template/backends/django.py", line 62, in render
    return self.template.render(context)
  File "/home/nimzo/ProjetsPython/redico8/venv/lib/python3.10/site-packages/django/template/base.py", line 175, in render
    return self._render(context)
  File "/home/nimzo/ProjetsPython/redico8/venv/lib/python3.10/site-packages/django/template/base.py", line 167, in _render
    return self.nodelist.render(context)
  File "/home/nimzo/ProjetsPython/redico8/venv/lib/python3.10/site-packages/django/template/base.py", line 1005, in render
    return SafeString("".join([node.render_annotated(context) for node in self]))
  File "/home/nimzo/ProjetsPython/redico8/venv/lib/python3.10/site-packages/django/template/base.py", line 1005, in <listcomp>
    return SafeString("".join([node.render_annotated(context) for node in self]))
  File "/home/nimzo/ProjetsPython/redico8/venv/lib/python3.10/site-packages/django/template/base.py", line 966, in render_annotated
    return self.render(context)
  File "/home/nimzo/ProjetsPython/redico8/venv/lib/python3.10/site-packages/django/template/loader_tags.py", line 157, in render
    return compiled_parent._render(context)
  File "/home/nimzo/ProjetsPython/redico8/venv/lib/python3.10/site-packages/django/template/base.py", line 167, in _render
    return self.nodelist.render(context)
  File "/home/nimzo/ProjetsPython/redico8/venv/lib/python3.10/site-packages/django/template/base.py", line 1005, in render
    return SafeString("".join([node.render_annotated(context) for node in self]))
  File "/home/nimzo/ProjetsPython/redico8/venv/lib/python3.10/site-packages/django/template/base.py", line 1005, in <listcomp>
    return SafeString("".join([node.render_annotated(context) for node in self]))
  File "/home/nimzo/ProjetsPython/redico8/venv/lib/python3.10/site-packages/django/template/base.py", line 966, in render_annotated
    return self.render(context)
  File "/home/nimzo/ProjetsPython/redico8/venv/lib/python3.10/site-packages/django/template/loader_tags.py", line 63, in render
    result = block.nodelist.render(context)
  File "/home/nimzo/ProjetsPython/redico8/venv/lib/python3.10/site-packages/django/template/base.py", line 1005, in render
    return SafeString("".join([node.render_annotated(context) for node in self]))
  File "/home/nimzo/ProjetsPython/redico8/venv/lib/python3.10/site-packages/django/template/base.py", line 1005, in <listcomp>
    return SafeString("".join([node.render_annotated(context) for node in self]))
  File "/home/nimzo/ProjetsPython/redico8/venv/lib/python3.10/site-packages/django/template/base.py", line 966, in render_annotated
    return self.render(context)
  File "/home/nimzo/ProjetsPython/redico8/venv/lib/python3.10/site-packages/django/template/loader_tags.py", line 197, in render
    template = context.template.engine.select_template(template_name)
  File "/home/nimzo/ProjetsPython/redico8/venv/lib/python3.10/site-packages/django/template/engine.py", line 206, in select_template
    return self.get_template(template_name)
  File "/home/nimzo/ProjetsPython/redico8/venv/lib/python3.10/site-packages/django/template/engine.py", line 175, in get_template
    template, origin = self.find_template(template_name)
  File "/home/nimzo/ProjetsPython/redico8/venv/lib/python3.10/site-packages/django/template/engine.py", line 157, in find_template
    template = loader.get_template(name, skip=skip)
  File "/home/nimzo/ProjetsPython/redico8/venv/lib/python3.10/site-packages/django/template/loaders/cached.py", line 57, in get_template
    template = super().get_template(template_name, skip)
  File "/home/nimzo/ProjetsPython/redico8/venv/lib/python3.10/site-packages/django/template/loaders/base.py", line 28, in get_template
    return Template(
  File "/home/nimzo/ProjetsPython/redico8/venv/lib/python3.10/site-packages/django/template/base.py", line 154, in __init__
    self.nodelist = self.compile_nodelist()
  File "/home/nimzo/ProjetsPython/redico8/venv/lib/python3.10/site-packages/django/template/base.py", line 200, in compile_nodelist
    return parser.parse()
  File "/home/nimzo/ProjetsPython/redico8/venv/lib/python3.10/site-packages/django/template/base.py", line 513, in parse
    raise self.error(token, e)
  File "/home/nimzo/ProjetsPython/redico8/venv/lib/python3.10/site-packages/django/template/base.py", line 511, in parse
    compiled_result = compile_func(self, token)
  File "/home/nimzo/ProjetsPython/redico8/venv/lib/python3.10/site-packages/django/template/loader_tags.py", line 232, in do_block
    nodelist = parser.parse(("endblock",))
  File "/home/nimzo/ProjetsPython/redico8/venv/lib/python3.10/site-packages/django/template/base.py", line 507, in parse
    self.invalid_block_tag(token, command, parse_until)
  File "/home/nimzo/ProjetsPython/redico8/venv/lib/python3.10/site-packages/django/template/base.py", line 558, in invalid_block_tag
    raise self.error(
django.template.exceptions.TemplateSyntaxError: Invalid block tag on line 6: 'navjoueurs', expected 'endblock'. Did you forget to register or load this tag?
INFO:django.utils.autoreload:/home/nimzo/ProjetsPython/redico8/redicos/templatetags/gb_filters.py changed, reloading.
INFO:root:BASE_DIR:         /home/nimzo/ProjetsPython/redico8
INFO:root:STATIC_ROOT:      /home/nimzo/ProjetsPython/redico8/project_static/collect
INFO:root:STATIC_URLS:      /static/
INFO:root:TEMPLATES[DIRS]   ['/home/nimzo/ProjetsPython/redico8/templates']
INFO:root:STATICFILES_DIRS: ('/home/nimzo/ProjetsPython/redico8/css',)
INFO:django.utils.autoreload:Watching for file changes with StatReloader
INFO:root:BASE_DIR:         /home/nimzo/ProjetsPython/redico8
INFO:root:STATIC_ROOT:      /home/nimzo/ProjetsPython/redico8/project_static/collect
INFO:root:STATIC_URLS:      /static/
INFO:root:TEMPLATES[DIRS]   ['/home/nimzo/ProjetsPython/redico8/templates']
INFO:root:STATICFILES_DIRS: ('/home/nimzo/ProjetsPython/redico8/css',)
INFO:root:BASE_DIR:         /home/nimzo/ProjetsPython/redico8
INFO:root:STATIC_ROOT:      /home/nimzo/ProjetsPython/redico8/project_static/collect
INFO:root:STATIC_URLS:      /static/
INFO:root:TEMPLATES[DIRS]   ['/home/nimzo/ProjetsPython/redico8/templates']
INFO:root:STATICFILES_DIRS: ('/home/nimzo/ProjetsPython/redico8/css',)
INFO:django.utils.autoreload:Watching for file changes with StatReloader
INFO:root:BASE_DIR:         /home/nimzo/ProjetsPython/redico8
INFO:root:STATIC_ROOT:      /home/nimzo/ProjetsPython/redico8/project_static/collect
INFO:root:STATIC_URLS:      /static/
INFO:root:TEMPLATES[DIRS]   ['/home/nimzo/ProjetsPython/redico8/templates']
INFO:root:STATICFILES_DIRS: ('/home/nimzo/ProjetsPython/redico8/css',)
DEBUG:matplotlib:CACHEDIR=/home/nimzo/.cache/matplotlib
DEBUG:matplotlib.font_manager:Using fontManager instance from /home/nimzo/.cache/matplotlib/fontlist-v330.json
INFO:root:BASE_DIR:         /home/nimzo/ProjetsPython/redico8
INFO:root:STATIC_ROOT:      /home/nimzo/ProjetsPython/redico8/project_static/collect
INFO:root:STATIC_URLS:      /static/
INFO:root:TEMPLATES[DIRS]   ['/home/nimzo/ProjetsPython/redico8/templates']
INFO:root:STATICFILES_DIRS: ('/home/nimzo/ProjetsPython/redico8/css',)
DEBUG:matplotlib:CACHEDIR=/home/nimzo/.cache/matplotlib
DEBUG:matplotlib.font_manager:Using fontManager instance from /home/nimzo/.cache/matplotlib/fontlist-v330.json
INFO:django.utils.autoreload:Watching for file changes with StatReloader
INFO:root:BASE_DIR:         /home/nimzo/ProjetsPython/redico8
INFO:root:STATIC_ROOT:      /home/nimzo/ProjetsPython/redico8/project_static/collect
INFO:root:STATIC_URLS:      /static/
INFO:root:TEMPLATES[DIRS]   ['/home/nimzo/ProjetsPython/redico8/templates']
INFO:root:STATICFILES_DIRS: ('/home/nimzo/ProjetsPython/redico8/css',)
DEBUG:matplotlib:CACHEDIR=/home/nimzo/.cache/matplotlib
DEBUG:matplotlib.font_manager:Using fontManager instance from /home/nimzo/.cache/matplotlib/fontlist-v330.json
INFO:root:BASE_DIR:         /home/nimzo/ProjetsPython/redico8
INFO:root:STATIC_ROOT:      /home/nimzo/ProjetsPython/redico8/project_static/collect
INFO:root:STATIC_URLS:      /static/
INFO:root:TEMPLATES[DIRS]   ['/home/nimzo/ProjetsPython/redico8/templates']
INFO:root:STATICFILES_DIRS: ('/home/nimzo/ProjetsPython/redico8/css',)
DEBUG:matplotlib:CACHEDIR=/home/nimzo/.cache/matplotlib
DEBUG:matplotlib.font_manager:Using fontManager instance from /home/nimzo/.cache/matplotlib/fontlist-v330.json
INFO:django.utils.autoreload:Watching for file changes with StatReloader
WARNING:django.security.SuspiciousSession:Session data corrupted
ERROR:django.request:Internal Server Error: /
Traceback (most recent call last):
  File "/home/nimzo/ProjetsPython/redico8/venv/lib/python3.10/site-packages/django/template/base.py", line 505, in parse
    compile_func = self.tags[command]
KeyError: 'peut_voir_son_profil'

During handling of the above exception, another exception occurred:

Traceback (most recent call last):
  File "/home/nimzo/ProjetsPython/redico8/venv/lib/python3.10/site-packages/django/core/handlers/exception.py", line 55, in inner
    response = get_response(request)
  File "/home/nimzo/ProjetsPython/redico8/venv/lib/python3.10/site-packages/django/core/handlers/base.py", line 197, in _get_response
    response = wrapped_callback(request, *callback_args, **callback_kwargs)
  File "/home/nimzo/ProjetsPython/redico8/redicos/views.py", line 40, in index
    return render(request, "redicos/index.html", c)
  File "/home/nimzo/ProjetsPython/redico8/venv/lib/python3.10/site-packages/django/shortcuts.py", line 24, in render
    content = loader.render_to_string(template_name, context, request, using=using)
  File "/home/nimzo/ProjetsPython/redico8/venv/lib/python3.10/site-packages/django/template/loader.py", line 61, in render_to_string
    template = get_template(template_name, using=using)
  File "/home/nimzo/ProjetsPython/redico8/venv/lib/python3.10/site-packages/django/template/loader.py", line 15, in get_template
    return engine.get_template(template_name)
  File "/home/nimzo/ProjetsPython/redico8/venv/lib/python3.10/site-packages/django/template/backends/django.py", line 34, in get_template
    return Template(self.engine.get_template(template_name), self)
  File "/home/nimzo/ProjetsPython/redico8/venv/lib/python3.10/site-packages/django/template/engine.py", line 175, in get_template
    template, origin = self.find_template(template_name)
  File "/home/nimzo/ProjetsPython/redico8/venv/lib/python3.10/site-packages/django/template/engine.py", line 157, in find_template
    template = loader.get_template(name, skip=skip)
  File "/home/nimzo/ProjetsPython/redico8/venv/lib/python3.10/site-packages/django/template/loaders/cached.py", line 57, in get_template
    template = super().get_template(template_name, skip)
  File "/home/nimzo/ProjetsPython/redico8/venv/lib/python3.10/site-packages/django/template/loaders/base.py", line 28, in get_template
    return Template(
  File "/home/nimzo/ProjetsPython/redico8/venv/lib/python3.10/site-packages/django/template/base.py", line 154, in __init__
    self.nodelist = self.compile_nodelist()
  File "/home/nimzo/ProjetsPython/redico8/venv/lib/python3.10/site-packages/django/template/base.py", line 200, in compile_nodelist
    return parser.parse()
  File "/home/nimzo/ProjetsPython/redico8/venv/lib/python3.10/site-packages/django/template/base.py", line 513, in parse
    raise self.error(token, e)
  File "/home/nimzo/ProjetsPython/redico8/venv/lib/python3.10/site-packages/django/template/base.py", line 511, in parse
    compiled_result = compile_func(self, token)
  File "/home/nimzo/ProjetsPython/redico8/venv/lib/python3.10/site-packages/django/template/loader_tags.py", line 293, in do_extends
    nodelist = parser.parse()
  File "/home/nimzo/ProjetsPython/redico8/venv/lib/python3.10/site-packages/django/template/base.py", line 513, in parse
    raise self.error(token, e)
  File "/home/nimzo/ProjetsPython/redico8/venv/lib/python3.10/site-packages/django/template/base.py", line 511, in parse
    compiled_result = compile_func(self, token)
  File "/home/nimzo/ProjetsPython/redico8/venv/lib/python3.10/site-packages/django/template/loader_tags.py", line 232, in do_block
    nodelist = parser.parse(("endblock",))
  File "/home/nimzo/ProjetsPython/redico8/venv/lib/python3.10/site-packages/django/template/base.py", line 513, in parse
    raise self.error(token, e)
  File "/home/nimzo/ProjetsPython/redico8/venv/lib/python3.10/site-packages/django/template/base.py", line 511, in parse
    compiled_result = compile_func(self, token)
  File "/home/nimzo/ProjetsPython/redico8/venv/lib/python3.10/site-packages/django/template/defaulttags.py", line 954, in do_if
    nodelist = parser.parse(("elif", "else", "endif"))
  File "/home/nimzo/ProjetsPython/redico8/venv/lib/python3.10/site-packages/django/template/base.py", line 507, in parse
    self.invalid_block_tag(token, command, parse_until)
  File "/home/nimzo/ProjetsPython/redico8/venv/lib/python3.10/site-packages/django/template/base.py", line 558, in invalid_block_tag
    raise self.error(
django.template.exceptions.TemplateSyntaxError: Invalid block tag on line 19: 'peut_voir_son_profil', expected 'elif', 'else' or 'endif'. Did you forget to register or load this tag?
INFO:root:BASE_DIR:         /home/nimzo/ProjetsPython/redico8
INFO:root:STATIC_ROOT:      /home/nimzo/ProjetsPython/redico8/project_static/collect
INFO:root:STATIC_URLS:      /static/
INFO:root:TEMPLATES[DIRS]   ['/home/nimzo/ProjetsPython/redico8/templates']
INFO:root:STATICFILES_DIRS: ('/home/nimzo/ProjetsPython/redico8/css',)
DEBUG:matplotlib:CACHEDIR=/home/nimzo/.cache/matplotlib
DEBUG:matplotlib.font_manager:Using fontManager instance from /home/nimzo/.cache/matplotlib/fontlist-v330.json
INFO:root:BASE_DIR:         /home/nimzo/ProjetsPython/redico8
INFO:root:STATIC_ROOT:      /home/nimzo/ProjetsPython/redico8/project_static/collect
INFO:root:STATIC_URLS:      /static/
INFO:root:TEMPLATES[DIRS]   ['/home/nimzo/ProjetsPython/redico8/templates']
INFO:root:STATICFILES_DIRS: ('/home/nimzo/ProjetsPython/redico8/css',)
DEBUG:matplotlib:CACHEDIR=/home/nimzo/.cache/matplotlib
DEBUG:matplotlib.font_manager:Using fontManager instance from /home/nimzo/.cache/matplotlib/fontlist-v330.json
INFO:django.utils.autoreload:Watching for file changes with StatReloader
WARNING:django.security.SuspiciousSession:Session data corrupted
ERROR:django.request:Internal Server Error: /
Traceback (most recent call last):
  File "/home/nimzo/ProjetsPython/redico8/venv/lib/python3.10/site-packages/django/core/handlers/exception.py", line 55, in inner
    response = get_response(request)
  File "/home/nimzo/ProjetsPython/redico8/venv/lib/python3.10/site-packages/django/core/handlers/base.py", line 197, in _get_response
    response = wrapped_callback(request, *callback_args, **callback_kwargs)
  File "/home/nimzo/ProjetsPython/redico8/redicos/views.py", line 40, in index
    return render(request, "redicos/index.html", c)
  File "/home/nimzo/ProjetsPython/redico8/venv/lib/python3.10/site-packages/django/shortcuts.py", line 24, in render
    content = loader.render_to_string(template_name, context, request, using=using)
  File "/home/nimzo/ProjetsPython/redico8/venv/lib/python3.10/site-packages/django/template/loader.py", line 61, in render_to_string
    template = get_template(template_name, using=using)
  File "/home/nimzo/ProjetsPython/redico8/venv/lib/python3.10/site-packages/django/template/loader.py", line 19, in get_template
    raise TemplateDoesNotExist(template_name, chain=chain)
django.template.exceptions.TemplateDoesNotExist: redicos/index.html
INFO:root:BASE_DIR:         /home/nimzo/ProjetsPython/redico8
INFO:root:STATIC_ROOT:      /home/nimzo/ProjetsPython/redico8/project_static/collect
INFO:root:STATIC_URLS:      /static/
INFO:root:TEMPLATES[DIRS]   ['/home/nimzo/ProjetsPython/redico8/templates']
INFO:root:STATICFILES_DIRS: ('/home/nimzo/ProjetsPython/redico8/css',)
DEBUG:matplotlib:CACHEDIR=/home/nimzo/.cache/matplotlib
DEBUG:matplotlib.font_manager:Using fontManager instance from /home/nimzo/.cache/matplotlib/fontlist-v330.json
INFO:root:BASE_DIR:         /home/nimzo/ProjetsPython/redico8
INFO:root:STATIC_ROOT:      /home/nimzo/ProjetsPython/redico8/project_static/collect
INFO:root:STATIC_URLS:      /static/
INFO:root:TEMPLATES[DIRS]   ['/home/nimzo/ProjetsPython/redico8/templates']
INFO:root:STATICFILES_DIRS: ('/home/nimzo/ProjetsPython/redico8/css',)
DEBUG:matplotlib:CACHEDIR=/home/nimzo/.cache/matplotlib
DEBUG:matplotlib.font_manager:Using fontManager instance from /home/nimzo/.cache/matplotlib/fontlist-v330.json
INFO:django.utils.autoreload:Watching for file changes with StatReloader
WARNING:django.security.SuspiciousSession:Session data corrupted
ERROR:django.request:Internal Server Error: /
Traceback (most recent call last):
  File "/home/nimzo/ProjetsPython/redico8/venv/lib/python3.10/site-packages/django/core/handlers/exception.py", line 55, in inner
    response = get_response(request)
  File "/home/nimzo/ProjetsPython/redico8/venv/lib/python3.10/site-packages/django/core/handlers/base.py", line 197, in _get_response
    response = wrapped_callback(request, *callback_args, **callback_kwargs)
  File "/home/nimzo/ProjetsPython/redico8/redicos/views.py", line 40, in index
    return render(request, "redicos/index.html", c)
  File "/home/nimzo/ProjetsPython/redico8/venv/lib/python3.10/site-packages/django/shortcuts.py", line 24, in render
    content = loader.render_to_string(template_name, context, request, using=using)
  File "/home/nimzo/ProjetsPython/redico8/venv/lib/python3.10/site-packages/django/template/loader.py", line 62, in render_to_string
    return template.render(context, request)
  File "/home/nimzo/ProjetsPython/redico8/venv/lib/python3.10/site-packages/django/template/backends/django.py", line 62, in render
    return self.template.render(context)
  File "/home/nimzo/ProjetsPython/redico8/venv/lib/python3.10/site-packages/django/template/base.py", line 175, in render
    return self._render(context)
  File "/home/nimzo/ProjetsPython/redico8/venv/lib/python3.10/site-packages/django/template/base.py", line 167, in _render
    return self.nodelist.render(context)
  File "/home/nimzo/ProjetsPython/redico8/venv/lib/python3.10/site-packages/django/template/base.py", line 1005, in render
    return SafeString("".join([node.render_annotated(context) for node in self]))
  File "/home/nimzo/ProjetsPython/redico8/venv/lib/python3.10/site-packages/django/template/base.py", line 1005, in <listcomp>
    return SafeString("".join([node.render_annotated(context) for node in self]))
  File "/home/nimzo/ProjetsPython/redico8/venv/lib/python3.10/site-packages/django/template/base.py", line 966, in render_annotated
    return self.render(context)
  File "/home/nimzo/ProjetsPython/redico8/venv/lib/python3.10/site-packages/django/template/loader_tags.py", line 157, in render
    return compiled_parent._render(context)
  File "/home/nimzo/ProjetsPython/redico8/venv/lib/python3.10/site-packages/django/template/base.py", line 167, in _render
    return self.nodelist.render(context)
  File "/home/nimzo/ProjetsPython/redico8/venv/lib/python3.10/site-packages/django/template/base.py", line 1005, in render
    return SafeString("".join([node.render_annotated(context) for node in self]))
  File "/home/nimzo/ProjetsPython/redico8/venv/lib/python3.10/site-packages/django/template/base.py", line 1005, in <listcomp>
    return SafeString("".join([node.render_annotated(context) for node in self]))
  File "/home/nimzo/ProjetsPython/redico8/venv/lib/python3.10/site-packages/django/template/base.py", line 966, in render_annotated
    return self.render(context)
  File "/home/nimzo/ProjetsPython/redico8/venv/lib/python3.10/site-packages/django/template/loader_tags.py", line 63, in render
    result = block.nodelist.render(context)
  File "/home/nimzo/ProjetsPython/redico8/venv/lib/python3.10/site-packages/django/template/base.py", line 1005, in render
    return SafeString("".join([node.render_annotated(context) for node in self]))
  File "/home/nimzo/ProjetsPython/redico8/venv/lib/python3.10/site-packages/django/template/base.py", line 1005, in <listcomp>
    return SafeString("".join([node.render_annotated(context) for node in self]))
  File "/home/nimzo/ProjetsPython/redico8/venv/lib/python3.10/site-packages/django/template/base.py", line 966, in render_annotated
    return self.render(context)
  File "/home/nimzo/ProjetsPython/redico8/venv/lib/python3.10/site-packages/django/template/defaulttags.py", line 238, in render
    nodelist.append(node.render_annotated(context))
  File "/home/nimzo/ProjetsPython/redico8/venv/lib/python3.10/site-packages/django/template/base.py", line 966, in render_annotated
    return self.render(context)
  File "/home/nimzo/ProjetsPython/redico8/venv/lib/python3.10/site-packages/django/template/defaulttags.py", line 472, in render
    url = reverse(view_name, args=args, kwargs=kwargs, current_app=current_app)
  File "/home/nimzo/ProjetsPython/redico8/venv/lib/python3.10/site-packages/django/urls/base.py", line 88, in reverse
    return resolver._reverse_with_prefix(view, prefix, *args, **kwargs)
  File "/home/nimzo/ProjetsPython/redico8/venv/lib/python3.10/site-packages/django/urls/resolvers.py", line 828, in _reverse_with_prefix
    raise NoReverseMatch(msg)
django.urls.exceptions.NoReverseMatch: Reverse for 'redico-details' not found. 'redico-details' is not a valid view function or pattern name.
INFO:root:BASE_DIR:         /home/nimzo/ProjetsPython/redico8
INFO:root:STATIC_ROOT:      /home/nimzo/ProjetsPython/redico8/project_static/collect
INFO:root:STATIC_URLS:      /static/
INFO:root:TEMPLATES[DIRS]   ['/home/nimzo/ProjetsPython/redico8/templates']
INFO:root:STATICFILES_DIRS: ('/home/nimzo/ProjetsPython/redico8/css',)
DEBUG:matplotlib:CACHEDIR=/home/nimzo/.cache/matplotlib
DEBUG:matplotlib.font_manager:Using fontManager instance from /home/nimzo/.cache/matplotlib/fontlist-v330.json
INFO:root:BASE_DIR:         /home/nimzo/ProjetsPython/redico8
INFO:root:STATIC_ROOT:      /home/nimzo/ProjetsPython/redico8/project_static/collect
INFO:root:STATIC_URLS:      /static/
INFO:root:TEMPLATES[DIRS]   ['/home/nimzo/ProjetsPython/redico8/templates']
INFO:root:STATICFILES_DIRS: ('/home/nimzo/ProjetsPython/redico8/css',)
DEBUG:matplotlib:CACHEDIR=/home/nimzo/.cache/matplotlib
DEBUG:matplotlib.font_manager:Using fontManager instance from /home/nimzo/.cache/matplotlib/fontlist-v330.json
INFO:django.utils.autoreload:Watching for file changes with StatReloader
WARNING:django.security.SuspiciousSession:Session data corrupted
ERROR:django.request:Internal Server Error: /
Traceback (most recent call last):
  File "/home/nimzo/ProjetsPython/redico8/venv/lib/python3.10/site-packages/django/core/handlers/exception.py", line 55, in inner
    response = get_response(request)
  File "/home/nimzo/ProjetsPython/redico8/venv/lib/python3.10/site-packages/django/core/handlers/base.py", line 197, in _get_response
    response = wrapped_callback(request, *callback_args, **callback_kwargs)
  File "/home/nimzo/ProjetsPython/redico8/redicos/views.py", line 40, in index
    return render(request, "redicos/index.html", c)
  File "/home/nimzo/ProjetsPython/redico8/venv/lib/python3.10/site-packages/django/shortcuts.py", line 24, in render
    content = loader.render_to_string(template_name, context, request, using=using)
  File "/home/nimzo/ProjetsPython/redico8/venv/lib/python3.10/site-packages/django/template/loader.py", line 62, in render_to_string
    return template.render(context, request)
  File "/home/nimzo/ProjetsPython/redico8/venv/lib/python3.10/site-packages/django/template/backends/django.py", line 62, in render
    return self.template.render(context)
  File "/home/nimzo/ProjetsPython/redico8/venv/lib/python3.10/site-packages/django/template/base.py", line 175, in render
    return self._render(context)
  File "/home/nimzo/ProjetsPython/redico8/venv/lib/python3.10/site-packages/django/template/base.py", line 167, in _render
    return self.nodelist.render(context)
  File "/home/nimzo/ProjetsPython/redico8/venv/lib/python3.10/site-packages/django/template/base.py", line 1005, in render
    return SafeString("".join([node.render_annotated(context) for node in self]))
  File "/home/nimzo/ProjetsPython/redico8/venv/lib/python3.10/site-packages/django/template/base.py", line 1005, in <listcomp>
    return SafeString("".join([node.render_annotated(context) for node in self]))
  File "/home/nimzo/ProjetsPython/redico8/venv/lib/python3.10/site-packages/django/template/base.py", line 966, in render_annotated
    return self.render(context)
  File "/home/nimzo/ProjetsPython/redico8/venv/lib/python3.10/site-packages/django/template/loader_tags.py", line 157, in render
    return compiled_parent._render(context)
  File "/home/nimzo/ProjetsPython/redico8/venv/lib/python3.10/site-packages/django/template/base.py", line 167, in _render
    return self.nodelist.render(context)
  File "/home/nimzo/ProjetsPython/redico8/venv/lib/python3.10/site-packages/django/template/base.py", line 1005, in render
    return SafeString("".join([node.render_annotated(context) for node in self]))
  File "/home/nimzo/ProjetsPython/redico8/venv/lib/python3.10/site-packages/django/template/base.py", line 1005, in <listcomp>
    return SafeString("".join([node.render_annotated(context) for node in self]))
  File "/home/nimzo/ProjetsPython/redico8/venv/lib/python3.10/site-packages/django/template/base.py", line 966, in render_annotated
    return self.render(context)
  File "/home/nimzo/ProjetsPython/redico8/venv/lib/python3.10/site-packages/django/template/loader_tags.py", line 63, in render
    result = block.nodelist.render(context)
  File "/home/nimzo/ProjetsPython/redico8/venv/lib/python3.10/site-packages/django/template/base.py", line 1005, in render
    return SafeString("".join([node.render_annotated(context) for node in self]))
  File "/home/nimzo/ProjetsPython/redico8/venv/lib/python3.10/site-packages/django/template/base.py", line 1005, in <listcomp>
    return SafeString("".join([node.render_annotated(context) for node in self]))
  File "/home/nimzo/ProjetsPython/redico8/venv/lib/python3.10/site-packages/django/template/base.py", line 966, in render_annotated
    return self.render(context)
  File "/home/nimzo/ProjetsPython/redico8/venv/lib/python3.10/site-packages/django/template/defaulttags.py", line 238, in render
    nodelist.append(node.render_annotated(context))
  File "/home/nimzo/ProjetsPython/redico8/venv/lib/python3.10/site-packages/django/template/base.py", line 966, in render_annotated
    return self.render(context)
  File "/home/nimzo/ProjetsPython/redico8/venv/lib/python3.10/site-packages/django/template/defaulttags.py", line 472, in render
    url = reverse(view_name, args=args, kwargs=kwargs, current_app=current_app)
  File "/home/nimzo/ProjetsPython/redico8/venv/lib/python3.10/site-packages/django/urls/base.py", line 88, in reverse
    return resolver._reverse_with_prefix(view, prefix, *args, **kwargs)
  File "/home/nimzo/ProjetsPython/redico8/venv/lib/python3.10/site-packages/django/urls/resolvers.py", line 828, in _reverse_with_prefix
    raise NoReverseMatch(msg)
django.urls.exceptions.NoReverseMatch: Reverse for 'redico-details' not found. 'redico-details' is not a valid view function or pattern name.
INFO:django.utils.autoreload:/home/nimzo/ProjetsPython/redico8/redicos/views.py changed, reloading.
INFO:root:BASE_DIR:         /home/nimzo/ProjetsPython/redico8
INFO:root:STATIC_ROOT:      /home/nimzo/ProjetsPython/redico8/project_static/collect
INFO:root:STATIC_URLS:      /static/
INFO:root:TEMPLATES[DIRS]   ['/home/nimzo/ProjetsPython/redico8/templates']
INFO:root:STATICFILES_DIRS: ('/home/nimzo/ProjetsPython/redico8/css',)
DEBUG:matplotlib:CACHEDIR=/home/nimzo/.cache/matplotlib
DEBUG:matplotlib.font_manager:Using fontManager instance from /home/nimzo/.cache/matplotlib/fontlist-v330.json
INFO:django.utils.autoreload:Watching for file changes with StatReloader
INFO:root:BASE_DIR:         /home/nimzo/ProjetsPython/redico8
INFO:root:STATIC_ROOT:      /home/nimzo/ProjetsPython/redico8/project_static/collect
INFO:root:STATIC_URLS:      /static/
INFO:root:TEMPLATES[DIRS]   ['/home/nimzo/ProjetsPython/redico8/templates']
INFO:root:STATICFILES_DIRS: ('/home/nimzo/ProjetsPython/redico8/css',)
DEBUG:matplotlib:CACHEDIR=/home/nimzo/.cache/matplotlib
DEBUG:matplotlib.font_manager:Using fontManager instance from /home/nimzo/.cache/matplotlib/fontlist-v330.json
INFO:root:BASE_DIR:         /home/nimzo/ProjetsPython/redico8
INFO:root:STATIC_ROOT:      /home/nimzo/ProjetsPython/redico8/project_static/collect
INFO:root:STATIC_URLS:      /static/
INFO:root:TEMPLATES[DIRS]   ['/home/nimzo/ProjetsPython/redico8/templates']
INFO:root:STATICFILES_DIRS: ('/home/nimzo/ProjetsPython/redico8/css',)
DEBUG:matplotlib:CACHEDIR=/home/nimzo/.cache/matplotlib
DEBUG:matplotlib.font_manager:Using fontManager instance from /home/nimzo/.cache/matplotlib/fontlist-v330.json
INFO:django.utils.autoreload:Watching for file changes with StatReloader
INFO:django.utils.autoreload:/home/nimzo/ProjetsPython/redico8/redicos/forms.py changed, reloading.
INFO:root:BASE_DIR:         /home/nimzo/ProjetsPython/redico8
INFO:root:STATIC_ROOT:      /home/nimzo/ProjetsPython/redico8/project_static/collect
INFO:root:STATIC_URLS:      /static/
INFO:root:TEMPLATES[DIRS]   ['/home/nimzo/ProjetsPython/redico8/templates']
INFO:root:STATICFILES_DIRS: ('/home/nimzo/ProjetsPython/redico8/css',)
DEBUG:matplotlib:CACHEDIR=/home/nimzo/.cache/matplotlib
DEBUG:matplotlib.font_manager:Using fontManager instance from /home/nimzo/.cache/matplotlib/fontlist-v330.json
INFO:django.utils.autoreload:Watching for file changes with StatReloader
INFO:root:BASE_DIR:         /home/nimzo/ProjetsPython/redico8
INFO:root:STATIC_ROOT:      /home/nimzo/ProjetsPython/redico8/project_static/collect
INFO:root:STATIC_URLS:      /static/
INFO:root:TEMPLATES[DIRS]   ['/home/nimzo/ProjetsPython/redico8/templates']
INFO:root:STATICFILES_DIRS: ('/home/nimzo/ProjetsPython/redico8/css',)
DEBUG:matplotlib:CACHEDIR=/home/nimzo/.cache/matplotlib
DEBUG:matplotlib.font_manager:Using fontManager instance from /home/nimzo/.cache/matplotlib/fontlist-v330.json
INFO:root:BASE_DIR:         /home/nimzo/ProjetsPython/redico8
INFO:root:STATIC_ROOT:      /home/nimzo/ProjetsPython/redico8/project_static/collect
INFO:root:STATIC_URLS:      /static/
INFO:root:TEMPLATES[DIRS]   ['/home/nimzo/ProjetsPython/redico8/templates']
INFO:root:STATICFILES_DIRS: ('/home/nimzo/ProjetsPython/redico8/css',)
DEBUG:matplotlib:CACHEDIR=/home/nimzo/.cache/matplotlib
DEBUG:matplotlib.font_manager:Using fontManager instance from /home/nimzo/.cache/matplotlib/fontlist-v330.json
INFO:django.utils.autoreload:Watching for file changes with StatReloader
INFO:root:BASE_DIR:         /home/nimzo/ProjetsPython/redico8
INFO:root:STATIC_ROOT:      /home/nimzo/ProjetsPython/redico8/project_static/collect
INFO:root:STATIC_URLS:      /static/
INFO:root:TEMPLATES[DIRS]   ['/home/nimzo/ProjetsPython/redico8/templates']
INFO:root:STATICFILES_DIRS: ('/home/nimzo/ProjetsPython/redico8/css',)
DEBUG:matplotlib:CACHEDIR=/home/nimzo/.cache/matplotlib
DEBUG:matplotlib.font_manager:Using fontManager instance from /home/nimzo/.cache/matplotlib/fontlist-v330.json
INFO:root:BASE_DIR:         /home/nimzo/ProjetsPython/redico8
INFO:root:STATIC_ROOT:      /home/nimzo/ProjetsPython/redico8/project_static/collect
INFO:root:STATIC_URLS:      /static/
INFO:root:TEMPLATES[DIRS]   ['/home/nimzo/ProjetsPython/redico8/templates']
INFO:root:STATICFILES_DIRS: ('/home/nimzo/ProjetsPython/redico8/css',)
DEBUG:matplotlib:CACHEDIR=/home/nimzo/.cache/matplotlib
DEBUG:matplotlib.font_manager:Using fontManager instance from /home/nimzo/.cache/matplotlib/fontlist-v330.json
INFO:django.utils.autoreload:Watching for file changes with StatReloader
INFO:django.utils.autoreload:/home/nimzo/ProjetsPython/redico8/redico3/urls.py changed, reloading.
INFO:root:BASE_DIR:         /home/nimzo/ProjetsPython/redico8
INFO:root:STATIC_ROOT:      /home/nimzo/ProjetsPython/redico8/project_static/collect
INFO:root:STATIC_URLS:      /static/
INFO:root:TEMPLATES[DIRS]   ['/home/nimzo/ProjetsPython/redico8/templates']
INFO:root:STATICFILES_DIRS: ('/home/nimzo/ProjetsPython/redico8/css',)
DEBUG:matplotlib:CACHEDIR=/home/nimzo/.cache/matplotlib
DEBUG:matplotlib.font_manager:Using fontManager instance from /home/nimzo/.cache/matplotlib/fontlist-v330.json
INFO:django.utils.autoreload:Watching for file changes with StatReloader
INFO:root:BASE_DIR:         /home/nimzo/ProjetsPython/redico8
INFO:root:STATIC_ROOT:      /home/nimzo/ProjetsPython/redico8/project_static/collect
INFO:root:STATIC_URLS:      /static/
INFO:root:TEMPLATES[DIRS]   ['/home/nimzo/ProjetsPython/redico8/templates']
INFO:root:STATICFILES_DIRS: ('/home/nimzo/ProjetsPython/redico8/css',)
DEBUG:matplotlib:CACHEDIR=/home/nimzo/.cache/matplotlib
DEBUG:matplotlib.font_manager:Using fontManager instance from /home/nimzo/.cache/matplotlib/fontlist-v330.json
INFO:root:BASE_DIR:         /home/nimzo/ProjetsPython/redico8
INFO:root:STATIC_ROOT:      /home/nimzo/ProjetsPython/redico8/project_static/collect
INFO:root:STATIC_URLS:      /static/
INFO:root:TEMPLATES[DIRS]   ['/home/nimzo/ProjetsPython/redico8/templates']
INFO:root:STATICFILES_DIRS: ('/home/nimzo/ProjetsPython/redico8/css',)
DEBUG:matplotlib:CACHEDIR=/home/nimzo/.cache/matplotlib
DEBUG:matplotlib.font_manager:Using fontManager instance from /home/nimzo/.cache/matplotlib/fontlist-v330.json
INFO:django.utils.autoreload:Watching for file changes with StatReloader
INFO:root:BASE_DIR:         /home/nimzo/ProjetsPython/redico8
INFO:root:STATIC_ROOT:      /home/nimzo/ProjetsPython/redico8/project_static/collect
INFO:root:STATIC_URLS:      /static/
INFO:root:TEMPLATES[DIRS]   ['/home/nimzo/ProjetsPython/redico8/templates']
INFO:root:STATICFILES_DIRS: ('/home/nimzo/ProjetsPython/redico8/css',)
DEBUG:matplotlib:CACHEDIR=/home/nimzo/.cache/matplotlib
DEBUG:matplotlib.font_manager:Using fontManager instance from /home/nimzo/.cache/matplotlib/fontlist-v330.json
INFO:root:BASE_DIR:         /home/nimzo/ProjetsPython/redico8
INFO:root:STATIC_ROOT:      /home/nimzo/ProjetsPython/redico8/project_static/collect
INFO:root:STATIC_URLS:      /static/
INFO:root:TEMPLATES[DIRS]   ['/home/nimzo/ProjetsPython/redico8/templates']
INFO:root:STATICFILES_DIRS: ('/home/nimzo/ProjetsPython/redico8/css',)
DEBUG:matplotlib:CACHEDIR=/home/nimzo/.cache/matplotlib
DEBUG:matplotlib.font_manager:Using fontManager instance from /home/nimzo/.cache/matplotlib/fontlist-v330.json
INFO:django.utils.autoreload:Watching for file changes with StatReloader
INFO:root:BASE_DIR:         /home/nimzo/ProjetsPython/redico8
INFO:root:STATIC_ROOT:      /home/nimzo/ProjetsPython/redico8/project_static/collect
INFO:root:STATIC_URLS:      /static/
INFO:root:TEMPLATES[DIRS]   ['/home/nimzo/ProjetsPython/redico8/templates']
INFO:root:STATICFILES_DIRS: ('/home/nimzo/ProjetsPython/redico8/css',)
DEBUG:matplotlib:CACHEDIR=/home/nimzo/.cache/matplotlib
DEBUG:matplotlib.font_manager:Using fontManager instance from /home/nimzo/.cache/matplotlib/fontlist-v330.json
INFO:root:BASE_DIR:         /home/nimzo/ProjetsPython/redico8
INFO:root:STATIC_ROOT:      /home/nimzo/ProjetsPython/redico8/project_static/collect
INFO:root:STATIC_URLS:      /static/
INFO:root:TEMPLATES[DIRS]   ['/home/nimzo/ProjetsPython/redico8/templates']
INFO:root:STATICFILES_DIRS: ('/home/nimzo/ProjetsPython/redico8/css',)
DEBUG:matplotlib:CACHEDIR=/home/nimzo/.cache/matplotlib
DEBUG:matplotlib.font_manager:Using fontManager instance from /home/nimzo/.cache/matplotlib/fontlist-v330.json
INFO:django.utils.autoreload:Watching for file changes with StatReloader
INFO:root:BASE_DIR:         /home/nimzo/ProjetsPython/redico8
INFO:root:STATIC_ROOT:      /home/nimzo/ProjetsPython/redico8/project_static/collect
INFO:root:STATIC_URLS:      /static/
INFO:root:TEMPLATES[DIRS]   ['/home/nimzo/ProjetsPython/redico8/templates']
INFO:root:STATICFILES_DIRS: ('/home/nimzo/ProjetsPython/redico8/css',)
DEBUG:matplotlib:CACHEDIR=/home/nimzo/.cache/matplotlib
DEBUG:matplotlib.font_manager:Using fontManager instance from /home/nimzo/.cache/matplotlib/fontlist-v330.json
INFO:root:BASE_DIR:         /home/nimzo/ProjetsPython/redico8
INFO:root:STATIC_ROOT:      /home/nimzo/ProjetsPython/redico8/project_static/collect
INFO:root:STATIC_URLS:      /static/
INFO:root:TEMPLATES[DIRS]   ['/home/nimzo/ProjetsPython/redico8/templates']
INFO:root:STATICFILES_DIRS: ('/home/nimzo/ProjetsPython/redico8/css',)
DEBUG:matplotlib:CACHEDIR=/home/nimzo/.cache/matplotlib
DEBUG:matplotlib.font_manager:Using fontManager instance from /home/nimzo/.cache/matplotlib/fontlist-v330.json
INFO:django.utils.autoreload:Watching for file changes with StatReloader
WARNING:django.security.SuspiciousSession:Session data corrupted
ERROR:django.request:Internal Server Error: /
Traceback (most recent call last):
  File "/home/nimzo/ProjetsPython/redico8/venv/lib/python3.10/site-packages/django/core/handlers/exception.py", line 55, in inner
    response = get_response(request)
  File "/home/nimzo/ProjetsPython/redico8/venv/lib/python3.10/site-packages/django/core/handlers/base.py", line 220, in _get_response
    response = response.render()
  File "/home/nimzo/ProjetsPython/redico8/venv/lib/python3.10/site-packages/django/template/response.py", line 114, in render
    self.content = self.rendered_content
  File "/home/nimzo/ProjetsPython/redico8/venv/lib/python3.10/site-packages/django/template/response.py", line 90, in rendered_content
    template = self.resolve_template(self.template_name)
  File "/home/nimzo/ProjetsPython/redico8/venv/lib/python3.10/site-packages/django/template/response.py", line 72, in resolve_template
    return select_template(template, using=self.using)
  File "/home/nimzo/ProjetsPython/redico8/venv/lib/python3.10/site-packages/django/template/loader.py", line 47, in select_template
    raise TemplateDoesNotExist(", ".join(template_name_list), chain=chain)
django.template.exceptions.TemplateDoesNotExist: redicos/redicos-index.html, redicos/redico_list.html
WARNING:django.request:Not Found: /favicon.ico
INFO:root:BASE_DIR:         /home/nimzo/ProjetsPython/redico8
INFO:root:STATIC_ROOT:      /home/nimzo/ProjetsPython/redico8/project_static/collect
INFO:root:STATIC_URLS:      /static/
INFO:root:TEMPLATES[DIRS]   ['/home/nimzo/ProjetsPython/redico8/templates']
INFO:root:STATICFILES_DIRS: ('/home/nimzo/ProjetsPython/redico8/css',)
DEBUG:matplotlib:CACHEDIR=/home/nimzo/.cache/matplotlib
DEBUG:matplotlib.font_manager:Using fontManager instance from /home/nimzo/.cache/matplotlib/fontlist-v330.json
INFO:root:BASE_DIR:         /home/nimzo/ProjetsPython/redico8
INFO:root:STATIC_ROOT:      /home/nimzo/ProjetsPython/redico8/project_static/collect
INFO:root:STATIC_URLS:      /static/
INFO:root:TEMPLATES[DIRS]   ['/home/nimzo/ProjetsPython/redico8/templates']
INFO:root:STATICFILES_DIRS: ('/home/nimzo/ProjetsPython/redico8/css',)
DEBUG:matplotlib:CACHEDIR=/home/nimzo/.cache/matplotlib
DEBUG:matplotlib.font_manager:Using fontManager instance from /home/nimzo/.cache/matplotlib/fontlist-v330.json
INFO:django.utils.autoreload:Watching for file changes with StatReloader
WARNING:django.security.SuspiciousSession:Session data corrupted
ERROR:django.request:Internal Server Error: /
Traceback (most recent call last):
  File "/home/nimzo/ProjetsPython/redico8/venv/lib/python3.10/site-packages/django/core/handlers/exception.py", line 55, in inner
    response = get_response(request)
  File "/home/nimzo/ProjetsPython/redico8/venv/lib/python3.10/site-packages/django/core/handlers/base.py", line 220, in _get_response
    response = response.render()
  File "/home/nimzo/ProjetsPython/redico8/venv/lib/python3.10/site-packages/django/template/response.py", line 114, in render
    self.content = self.rendered_content
  File "/home/nimzo/ProjetsPython/redico8/venv/lib/python3.10/site-packages/django/template/response.py", line 92, in rendered_content
    return template.render(context, self._request)
  File "/home/nimzo/ProjetsPython/redico8/venv/lib/python3.10/site-packages/django/template/backends/django.py", line 62, in render
    return self.template.render(context)
  File "/home/nimzo/ProjetsPython/redico8/venv/lib/python3.10/site-packages/django/template/base.py", line 175, in render
    return self._render(context)
  File "/home/nimzo/ProjetsPython/redico8/venv/lib/python3.10/site-packages/django/template/base.py", line 167, in _render
    return self.nodelist.render(context)
  File "/home/nimzo/ProjetsPython/redico8/venv/lib/python3.10/site-packages/django/template/base.py", line 1005, in render
    return SafeString("".join([node.render_annotated(context) for node in self]))
  File "/home/nimzo/ProjetsPython/redico8/venv/lib/python3.10/site-packages/django/template/base.py", line 1005, in <listcomp>
    return SafeString("".join([node.render_annotated(context) for node in self]))
  File "/home/nimzo/ProjetsPython/redico8/venv/lib/python3.10/site-packages/django/template/base.py", line 966, in render_annotated
    return self.render(context)
  File "/home/nimzo/ProjetsPython/redico8/venv/lib/python3.10/site-packages/django/template/loader_tags.py", line 157, in render
    return compiled_parent._render(context)
  File "/home/nimzo/ProjetsPython/redico8/venv/lib/python3.10/site-packages/django/template/base.py", line 167, in _render
    return self.nodelist.render(context)
  File "/home/nimzo/ProjetsPython/redico8/venv/lib/python3.10/site-packages/django/template/base.py", line 1005, in render
    return SafeString("".join([node.render_annotated(context) for node in self]))
  File "/home/nimzo/ProjetsPython/redico8/venv/lib/python3.10/site-packages/django/template/base.py", line 1005, in <listcomp>
    return SafeString("".join([node.render_annotated(context) for node in self]))
  File "/home/nimzo/ProjetsPython/redico8/venv/lib/python3.10/site-packages/django/template/base.py", line 966, in render_annotated
    return self.render(context)
  File "/home/nimzo/ProjetsPython/redico8/venv/lib/python3.10/site-packages/django/template/loader_tags.py", line 63, in render
    result = block.nodelist.render(context)
  File "/home/nimzo/ProjetsPython/redico8/venv/lib/python3.10/site-packages/django/template/base.py", line 1005, in render
    return SafeString("".join([node.render_annotated(context) for node in self]))
  File "/home/nimzo/ProjetsPython/redico8/venv/lib/python3.10/site-packages/django/template/base.py", line 1005, in <listcomp>
    return SafeString("".join([node.render_annotated(context) for node in self]))
  File "/home/nimzo/ProjetsPython/redico8/venv/lib/python3.10/site-packages/django/template/base.py", line 966, in render_annotated
    return self.render(context)
  File "/home/nimzo/ProjetsPython/redico8/venv/lib/python3.10/site-packages/django/template/defaulttags.py", line 238, in render
    nodelist.append(node.render_annotated(context))
  File "/home/nimzo/ProjetsPython/redico8/venv/lib/python3.10/site-packages/django/template/base.py", line 966, in render_annotated
    return self.render(context)
  File "/home/nimzo/ProjetsPython/redico8/venv/lib/python3.10/site-packages/django/template/defaulttags.py", line 472, in render
    url = reverse(view_name, args=args, kwargs=kwargs, current_app=current_app)
  File "/home/nimzo/ProjetsPython/redico8/venv/lib/python3.10/site-packages/django/urls/base.py", line 88, in reverse
    return resolver._reverse_with_prefix(view, prefix, *args, **kwargs)
  File "/home/nimzo/ProjetsPython/redico8/venv/lib/python3.10/site-packages/django/urls/resolvers.py", line 828, in _reverse_with_prefix
    raise NoReverseMatch(msg)
django.urls.exceptions.NoReverseMatch: Reverse for 'redico-details' not found. 'redico-details' is not a valid view function or pattern name.
INFO:root:BASE_DIR:         /home/nimzo/ProjetsPython/redico8
INFO:root:STATIC_ROOT:      /home/nimzo/ProjetsPython/redico8/project_static/collect
INFO:root:STATIC_URLS:      /static/
INFO:root:TEMPLATES[DIRS]   ['/home/nimzo/ProjetsPython/redico8/templates']
INFO:root:STATICFILES_DIRS: ('/home/nimzo/ProjetsPython/redico8/css',)
DEBUG:matplotlib:CACHEDIR=/home/nimzo/.cache/matplotlib
DEBUG:matplotlib.font_manager:Using fontManager instance from /home/nimzo/.cache/matplotlib/fontlist-v330.json
INFO:root:BASE_DIR:         /home/nimzo/ProjetsPython/redico8
INFO:root:STATIC_ROOT:      /home/nimzo/ProjetsPython/redico8/project_static/collect
INFO:root:STATIC_URLS:      /static/
INFO:root:TEMPLATES[DIRS]   ['/home/nimzo/ProjetsPython/redico8/templates']
INFO:root:STATICFILES_DIRS: ('/home/nimzo/ProjetsPython/redico8/css',)
DEBUG:matplotlib:CACHEDIR=/home/nimzo/.cache/matplotlib
DEBUG:matplotlib.font_manager:Using fontManager instance from /home/nimzo/.cache/matplotlib/fontlist-v330.json
INFO:django.utils.autoreload:Watching for file changes with StatReloader
WARNING:django.security.SuspiciousSession:Session data corrupted
ERROR:django.request:Internal Server Error: /
Traceback (most recent call last):
  File "/home/nimzo/ProjetsPython/redico8/venv/lib/python3.10/site-packages/django/core/handlers/exception.py", line 55, in inner
    response = get_response(request)
  File "/home/nimzo/ProjetsPython/redico8/venv/lib/python3.10/site-packages/django/core/handlers/base.py", line 220, in _get_response
    response = response.render()
  File "/home/nimzo/ProjetsPython/redico8/venv/lib/python3.10/site-packages/django/template/response.py", line 114, in render
    self.content = self.rendered_content
  File "/home/nimzo/ProjetsPython/redico8/venv/lib/python3.10/site-packages/django/template/response.py", line 92, in rendered_content
    return template.render(context, self._request)
  File "/home/nimzo/ProjetsPython/redico8/venv/lib/python3.10/site-packages/django/template/backends/django.py", line 62, in render
    return self.template.render(context)
  File "/home/nimzo/ProjetsPython/redico8/venv/lib/python3.10/site-packages/django/template/base.py", line 175, in render
    return self._render(context)
  File "/home/nimzo/ProjetsPython/redico8/venv/lib/python3.10/site-packages/django/template/base.py", line 167, in _render
    return self.nodelist.render(context)
  File "/home/nimzo/ProjetsPython/redico8/venv/lib/python3.10/site-packages/django/template/base.py", line 1005, in render
    return SafeString("".join([node.render_annotated(context) for node in self]))
  File "/home/nimzo/ProjetsPython/redico8/venv/lib/python3.10/site-packages/django/template/base.py", line 1005, in <listcomp>
    return SafeString("".join([node.render_annotated(context) for node in self]))
  File "/home/nimzo/ProjetsPython/redico8/venv/lib/python3.10/site-packages/django/template/base.py", line 966, in render_annotated
    return self.render(context)
  File "/home/nimzo/ProjetsPython/redico8/venv/lib/python3.10/site-packages/django/template/loader_tags.py", line 157, in render
    return compiled_parent._render(context)
  File "/home/nimzo/ProjetsPython/redico8/venv/lib/python3.10/site-packages/django/template/base.py", line 167, in _render
    return self.nodelist.render(context)
  File "/home/nimzo/ProjetsPython/redico8/venv/lib/python3.10/site-packages/django/template/base.py", line 1005, in render
    return SafeString("".join([node.render_annotated(context) for node in self]))
  File "/home/nimzo/ProjetsPython/redico8/venv/lib/python3.10/site-packages/django/template/base.py", line 1005, in <listcomp>
    return SafeString("".join([node.render_annotated(context) for node in self]))
  File "/home/nimzo/ProjetsPython/redico8/venv/lib/python3.10/site-packages/django/template/base.py", line 966, in render_annotated
    return self.render(context)
  File "/home/nimzo/ProjetsPython/redico8/venv/lib/python3.10/site-packages/django/template/loader_tags.py", line 63, in render
    result = block.nodelist.render(context)
  File "/home/nimzo/ProjetsPython/redico8/venv/lib/python3.10/site-packages/django/template/base.py", line 1005, in render
    return SafeString("".join([node.render_annotated(context) for node in self]))
  File "/home/nimzo/ProjetsPython/redico8/venv/lib/python3.10/site-packages/django/template/base.py", line 1005, in <listcomp>
    return SafeString("".join([node.render_annotated(context) for node in self]))
  File "/home/nimzo/ProjetsPython/redico8/venv/lib/python3.10/site-packages/django/template/base.py", line 966, in render_annotated
    return self.render(context)
  File "/home/nimzo/ProjetsPython/redico8/venv/lib/python3.10/site-packages/django/template/defaulttags.py", line 238, in render
    nodelist.append(node.render_annotated(context))
  File "/home/nimzo/ProjetsPython/redico8/venv/lib/python3.10/site-packages/django/template/base.py", line 966, in render_annotated
    return self.render(context)
  File "/home/nimzo/ProjetsPython/redico8/venv/lib/python3.10/site-packages/django/template/defaulttags.py", line 472, in render
    url = reverse(view_name, args=args, kwargs=kwargs, current_app=current_app)
  File "/home/nimzo/ProjetsPython/redico8/venv/lib/python3.10/site-packages/django/urls/base.py", line 88, in reverse
    return resolver._reverse_with_prefix(view, prefix, *args, **kwargs)
  File "/home/nimzo/ProjetsPython/redico8/venv/lib/python3.10/site-packages/django/urls/resolvers.py", line 828, in _reverse_with_prefix
    raise NoReverseMatch(msg)
django.urls.exceptions.NoReverseMatch: Reverse for 'redico-details' not found. 'redico-details' is not a valid view function or pattern name.
INFO:root:BASE_DIR:         /home/nimzo/ProjetsPython/redico8
INFO:root:STATIC_ROOT:      /home/nimzo/ProjetsPython/redico8/project_static/collect
INFO:root:STATIC_URLS:      /static/
INFO:root:TEMPLATES[DIRS]   ['/home/nimzo/ProjetsPython/redico8/templates']
INFO:root:STATICFILES_DIRS: ('/home/nimzo/ProjetsPython/redico8/css',)
DEBUG:matplotlib:CACHEDIR=/home/nimzo/.cache/matplotlib
DEBUG:matplotlib.font_manager:Using fontManager instance from /home/nimzo/.cache/matplotlib/fontlist-v330.json
INFO:root:BASE_DIR:         /home/nimzo/ProjetsPython/redico8
INFO:root:STATIC_ROOT:      /home/nimzo/ProjetsPython/redico8/project_static/collect
INFO:root:STATIC_URLS:      /static/
INFO:root:TEMPLATES[DIRS]   ['/home/nimzo/ProjetsPython/redico8/templates']
INFO:root:STATICFILES_DIRS: ('/home/nimzo/ProjetsPython/redico8/css',)
DEBUG:matplotlib:CACHEDIR=/home/nimzo/.cache/matplotlib
DEBUG:matplotlib.font_manager:Using fontManager instance from /home/nimzo/.cache/matplotlib/fontlist-v330.json
INFO:django.utils.autoreload:Watching for file changes with StatReloader
WARNING:django.security.SuspiciousSession:Session data corrupted
ERROR:django.request:Internal Server Error: /
Traceback (most recent call last):
  File "/home/nimzo/ProjetsPython/redico8/venv/lib/python3.10/site-packages/django/core/handlers/exception.py", line 55, in inner
    response = get_response(request)
  File "/home/nimzo/ProjetsPython/redico8/venv/lib/python3.10/site-packages/django/core/handlers/base.py", line 220, in _get_response
    response = response.render()
  File "/home/nimzo/ProjetsPython/redico8/venv/lib/python3.10/site-packages/django/template/response.py", line 114, in render
    self.content = self.rendered_content
  File "/home/nimzo/ProjetsPython/redico8/venv/lib/python3.10/site-packages/django/template/response.py", line 92, in rendered_content
    return template.render(context, self._request)
  File "/home/nimzo/ProjetsPython/redico8/venv/lib/python3.10/site-packages/django/template/backends/django.py", line 62, in render
    return self.template.render(context)
  File "/home/nimzo/ProjetsPython/redico8/venv/lib/python3.10/site-packages/django/template/base.py", line 175, in render
    return self._render(context)
  File "/home/nimzo/ProjetsPython/redico8/venv/lib/python3.10/site-packages/django/template/base.py", line 167, in _render
    return self.nodelist.render(context)
  File "/home/nimzo/ProjetsPython/redico8/venv/lib/python3.10/site-packages/django/template/base.py", line 1005, in render
    return SafeString("".join([node.render_annotated(context) for node in self]))
  File "/home/nimzo/ProjetsPython/redico8/venv/lib/python3.10/site-packages/django/template/base.py", line 1005, in <listcomp>
    return SafeString("".join([node.render_annotated(context) for node in self]))
  File "/home/nimzo/ProjetsPython/redico8/venv/lib/python3.10/site-packages/django/template/base.py", line 966, in render_annotated
    return self.render(context)
  File "/home/nimzo/ProjetsPython/redico8/venv/lib/python3.10/site-packages/django/template/loader_tags.py", line 157, in render
    return compiled_parent._render(context)
  File "/home/nimzo/ProjetsPython/redico8/venv/lib/python3.10/site-packages/django/template/base.py", line 167, in _render
    return self.nodelist.render(context)
  File "/home/nimzo/ProjetsPython/redico8/venv/lib/python3.10/site-packages/django/template/base.py", line 1005, in render
    return SafeString("".join([node.render_annotated(context) for node in self]))
  File "/home/nimzo/ProjetsPython/redico8/venv/lib/python3.10/site-packages/django/template/base.py", line 1005, in <listcomp>
    return SafeString("".join([node.render_annotated(context) for node in self]))
  File "/home/nimzo/ProjetsPython/redico8/venv/lib/python3.10/site-packages/django/template/base.py", line 966, in render_annotated
    return self.render(context)
  File "/home/nimzo/ProjetsPython/redico8/venv/lib/python3.10/site-packages/django/template/loader_tags.py", line 63, in render
    result = block.nodelist.render(context)
  File "/home/nimzo/ProjetsPython/redico8/venv/lib/python3.10/site-packages/django/template/base.py", line 1005, in render
    return SafeString("".join([node.render_annotated(context) for node in self]))
  File "/home/nimzo/ProjetsPython/redico8/venv/lib/python3.10/site-packages/django/template/base.py", line 1005, in <listcomp>
    return SafeString("".join([node.render_annotated(context) for node in self]))
  File "/home/nimzo/ProjetsPython/redico8/venv/lib/python3.10/site-packages/django/template/base.py", line 966, in render_annotated
    return self.render(context)
  File "/home/nimzo/ProjetsPython/redico8/venv/lib/python3.10/site-packages/django/template/defaulttags.py", line 238, in render
    nodelist.append(node.render_annotated(context))
  File "/home/nimzo/ProjetsPython/redico8/venv/lib/python3.10/site-packages/django/template/base.py", line 966, in render_annotated
    return self.render(context)
  File "/home/nimzo/ProjetsPython/redico8/venv/lib/python3.10/site-packages/django/template/defaulttags.py", line 472, in render
    url = reverse(view_name, args=args, kwargs=kwargs, current_app=current_app)
  File "/home/nimzo/ProjetsPython/redico8/venv/lib/python3.10/site-packages/django/urls/base.py", line 88, in reverse
    return resolver._reverse_with_prefix(view, prefix, *args, **kwargs)
  File "/home/nimzo/ProjetsPython/redico8/venv/lib/python3.10/site-packages/django/urls/resolvers.py", line 828, in _reverse_with_prefix
    raise NoReverseMatch(msg)
django.urls.exceptions.NoReverseMatch: Reverse for 'redicos-details' not found. 'redicos-details' is not a valid view function or pattern name.
INFO:root:BASE_DIR:         /home/nimzo/ProjetsPython/redico8
INFO:root:STATIC_ROOT:      /home/nimzo/ProjetsPython/redico8/project_static/collect
INFO:root:STATIC_URLS:      /static/
INFO:root:TEMPLATES[DIRS]   ['/home/nimzo/ProjetsPython/redico8/templates']
INFO:root:STATICFILES_DIRS: ('/home/nimzo/ProjetsPython/redico8/css',)
DEBUG:matplotlib:CACHEDIR=/home/nimzo/.cache/matplotlib
DEBUG:matplotlib.font_manager:Using fontManager instance from /home/nimzo/.cache/matplotlib/fontlist-v330.json
INFO:root:BASE_DIR:         /home/nimzo/ProjetsPython/redico8
INFO:root:STATIC_ROOT:      /home/nimzo/ProjetsPython/redico8/project_static/collect
INFO:root:STATIC_URLS:      /static/
INFO:root:TEMPLATES[DIRS]   ['/home/nimzo/ProjetsPython/redico8/templates']
INFO:root:STATICFILES_DIRS: ('/home/nimzo/ProjetsPython/redico8/css',)
DEBUG:matplotlib:CACHEDIR=/home/nimzo/.cache/matplotlib
DEBUG:matplotlib.font_manager:Using fontManager instance from /home/nimzo/.cache/matplotlib/fontlist-v330.json
INFO:django.utils.autoreload:Watching for file changes with StatReloader
WARNING:django.security.SuspiciousSession:Session data corrupted
ERROR:django.request:Internal Server Error: /
Traceback (most recent call last):
  File "/home/nimzo/ProjetsPython/redico8/venv/lib/python3.10/site-packages/django/core/handlers/exception.py", line 55, in inner
    response = get_response(request)
  File "/home/nimzo/ProjetsPython/redico8/venv/lib/python3.10/site-packages/django/core/handlers/base.py", line 220, in _get_response
    response = response.render()
  File "/home/nimzo/ProjetsPython/redico8/venv/lib/python3.10/site-packages/django/template/response.py", line 114, in render
    self.content = self.rendered_content
  File "/home/nimzo/ProjetsPython/redico8/venv/lib/python3.10/site-packages/django/template/response.py", line 92, in rendered_content
    return template.render(context, self._request)
  File "/home/nimzo/ProjetsPython/redico8/venv/lib/python3.10/site-packages/django/template/backends/django.py", line 62, in render
    return self.template.render(context)
  File "/home/nimzo/ProjetsPython/redico8/venv/lib/python3.10/site-packages/django/template/base.py", line 175, in render
    return self._render(context)
  File "/home/nimzo/ProjetsPython/redico8/venv/lib/python3.10/site-packages/django/template/base.py", line 167, in _render
    return self.nodelist.render(context)
  File "/home/nimzo/ProjetsPython/redico8/venv/lib/python3.10/site-packages/django/template/base.py", line 1005, in render
    return SafeString("".join([node.render_annotated(context) for node in self]))
  File "/home/nimzo/ProjetsPython/redico8/venv/lib/python3.10/site-packages/django/template/base.py", line 1005, in <listcomp>
    return SafeString("".join([node.render_annotated(context) for node in self]))
  File "/home/nimzo/ProjetsPython/redico8/venv/lib/python3.10/site-packages/django/template/base.py", line 966, in render_annotated
    return self.render(context)
  File "/home/nimzo/ProjetsPython/redico8/venv/lib/python3.10/site-packages/django/template/loader_tags.py", line 157, in render
    return compiled_parent._render(context)
  File "/home/nimzo/ProjetsPython/redico8/venv/lib/python3.10/site-packages/django/template/base.py", line 167, in _render
    return self.nodelist.render(context)
  File "/home/nimzo/ProjetsPython/redico8/venv/lib/python3.10/site-packages/django/template/base.py", line 1005, in render
    return SafeString("".join([node.render_annotated(context) for node in self]))
  File "/home/nimzo/ProjetsPython/redico8/venv/lib/python3.10/site-packages/django/template/base.py", line 1005, in <listcomp>
    return SafeString("".join([node.render_annotated(context) for node in self]))
  File "/home/nimzo/ProjetsPython/redico8/venv/lib/python3.10/site-packages/django/template/base.py", line 966, in render_annotated
    return self.render(context)
  File "/home/nimzo/ProjetsPython/redico8/venv/lib/python3.10/site-packages/django/template/loader_tags.py", line 63, in render
    result = block.nodelist.render(context)
  File "/home/nimzo/ProjetsPython/redico8/venv/lib/python3.10/site-packages/django/template/base.py", line 1005, in render
    return SafeString("".join([node.render_annotated(context) for node in self]))
  File "/home/nimzo/ProjetsPython/redico8/venv/lib/python3.10/site-packages/django/template/base.py", line 1005, in <listcomp>
    return SafeString("".join([node.render_annotated(context) for node in self]))
  File "/home/nimzo/ProjetsPython/redico8/venv/lib/python3.10/site-packages/django/template/base.py", line 966, in render_annotated
    return self.render(context)
  File "/home/nimzo/ProjetsPython/redico8/venv/lib/python3.10/site-packages/django/template/defaulttags.py", line 238, in render
    nodelist.append(node.render_annotated(context))
  File "/home/nimzo/ProjetsPython/redico8/venv/lib/python3.10/site-packages/django/template/base.py", line 966, in render_annotated
    return self.render(context)
  File "/home/nimzo/ProjetsPython/redico8/venv/lib/python3.10/site-packages/django/template/defaulttags.py", line 472, in render
    url = reverse(view_name, args=args, kwargs=kwargs, current_app=current_app)
  File "/home/nimzo/ProjetsPython/redico8/venv/lib/python3.10/site-packages/django/urls/base.py", line 88, in reverse
    return resolver._reverse_with_prefix(view, prefix, *args, **kwargs)
  File "/home/nimzo/ProjetsPython/redico8/venv/lib/python3.10/site-packages/django/urls/resolvers.py", line 828, in _reverse_with_prefix
    raise NoReverseMatch(msg)
django.urls.exceptions.NoReverseMatch: Reverse for 'redico-details' not found. 'redico-details' is not a valid view function or pattern name.
INFO:root:BASE_DIR:         /home/nimzo/ProjetsPython/redico8
INFO:root:STATIC_ROOT:      /home/nimzo/ProjetsPython/redico8/project_static/collect
INFO:root:STATIC_URLS:      /static/
INFO:root:TEMPLATES[DIRS]   ['/home/nimzo/ProjetsPython/redico8/templates']
INFO:root:STATICFILES_DIRS: ('/home/nimzo/ProjetsPython/redico8/css',)
DEBUG:matplotlib:CACHEDIR=/home/nimzo/.cache/matplotlib
DEBUG:matplotlib.font_manager:Using fontManager instance from /home/nimzo/.cache/matplotlib/fontlist-v330.json
INFO:root:BASE_DIR:         /home/nimzo/ProjetsPython/redico8
INFO:root:STATIC_ROOT:      /home/nimzo/ProjetsPython/redico8/project_static/collect
INFO:root:STATIC_URLS:      /static/
INFO:root:TEMPLATES[DIRS]   ['/home/nimzo/ProjetsPython/redico8/templates']
INFO:root:STATICFILES_DIRS: ('/home/nimzo/ProjetsPython/redico8/css',)
DEBUG:matplotlib:CACHEDIR=/home/nimzo/.cache/matplotlib
DEBUG:matplotlib.font_manager:Using fontManager instance from /home/nimzo/.cache/matplotlib/fontlist-v330.json
INFO:django.utils.autoreload:Watching for file changes with StatReloader
WARNING:django.security.SuspiciousSession:Session data corrupted
WARNING:django.request:Not Found: /ws/chat//
